2022-12-07 13:48:23,150  INFO [TestNG-PoolService-1] DriverFactory:37 - browser name is: chrome
2022-12-07 13:48:23,155  INFO [TestNG-PoolService-1] DriverFactory:38 - launching chrome browser
2022-12-07 13:48:23,251  INFO [TestNG-PoolService-1] LoginSteps:38 - ****************************** Starting test cases execution  *****************************************
2022-12-07 13:48:23,281  INFO [TestNG-PoolService-1] XmlReader:52 - 2
2022-12-07 13:48:23,283  INFO [TestNG-PoolService-1] XmlReader:53 - Alex
2022-12-07 13:48:23,508  INFO [TestNG-PoolService-0] DriverFactory:37 - browser name is: chrome
2022-12-07 13:48:23,511  INFO [TestNG-PoolService-0] DriverFactory:38 - launching chrome browser
2022-12-07 13:48:23,585  INFO [TestNG-PoolService-0] LoginSteps:38 - ****************************** Starting test cases execution  *****************************************
2022-12-07 13:48:23,589  INFO [TestNG-PoolService-0] XmlReader:52 - 2
2022-12-07 13:48:23,590  INFO [TestNG-PoolService-0] XmlReader:53 - Alex
2022-12-07 13:48:29,290  INFO [TestNG-PoolService-2] DriverFactory:37 - browser name is: chrome
2022-12-07 13:48:29,291  INFO [TestNG-PoolService-2] DriverFactory:38 - launching chrome browser
2022-12-07 13:48:29,360  INFO [TestNG-PoolService-2] LoginSteps:38 - ****************************** Starting test cases execution  *****************************************
2022-12-07 13:48:29,365  INFO [TestNG-PoolService-2] XmlReader:52 - 2
2022-12-07 13:48:29,365  INFO [TestNG-PoolService-2] XmlReader:53 - Alex
2022-12-07 13:48:38,320 DEBUG [main] cache:45 - Couldn't find template in cache for "spark/spark.spa.ftl"("en_US", UTF-8, parsed); will try to load it.
2022-12-07 13:48:38,324 DEBUG [main] cache:45 - TemplateLoader.findTemplateSource("spark/spark.spa_en_US.ftl"): Not found
2022-12-07 13:48:38,330 DEBUG [main] cache:45 - TemplateLoader.findTemplateSource("spark/spark.spa_en.ftl"): Not found
2022-12-07 13:48:38,334 DEBUG [main] cache:45 - TemplateLoader.findTemplateSource("spark/spark.spa.ftl"): Found
2022-12-07 13:48:38,335 DEBUG [main] cache:45 - Loading template for "spark/spark.spa.ftl"("en_US", UTF-8, parsed) from "jar:file:/C:/Users/AC67129/.m2/repository/com/aventstack/extentreports/5.0.9/extentreports-5.0.9.jar!/com/aventstack/extentreports/templates/spark/spark.spa.ftl"
2022-12-07 13:48:38,500 DEBUG [main] cache:45 - Couldn't find template in cache for "commons/commons-variables.ftl"("en_US", UTF-8, parsed); will try to load it.
2022-12-07 13:48:38,501 DEBUG [main] cache:45 - TemplateLoader.findTemplateSource("commons/commons-variables_en_US.ftl"): Not found
2022-12-07 13:48:38,502 DEBUG [main] cache:45 - TemplateLoader.findTemplateSource("commons/commons-variables_en.ftl"): Not found
2022-12-07 13:48:38,503 DEBUG [main] cache:45 - TemplateLoader.findTemplateSource("commons/commons-variables.ftl"): Found
2022-12-07 13:48:38,504 DEBUG [main] cache:45 - Loading template for "commons/commons-variables.ftl"("en_US", UTF-8, parsed) from "jar:file:/C:/Users/AC67129/.m2/repository/tech/grasshopper/htmlextentreporter/1.0.1/htmlextentreporter-1.0.1.jar!/com/aventstack/extentreports/templates/commons/commons-variables.ftl"
2022-12-07 13:48:38,779 DEBUG [main] cache:45 - Couldn't find template in cache for "commons/commons-macros.ftl"("en_US", UTF-8, parsed); will try to load it.
2022-12-07 13:48:38,781 DEBUG [main] cache:45 - TemplateLoader.findTemplateSource("commons/commons-macros_en_US.ftl"): Not found
2022-12-07 13:48:38,782 DEBUG [main] cache:45 - TemplateLoader.findTemplateSource("commons/commons-macros_en.ftl"): Not found
2022-12-07 13:48:38,783 DEBUG [main] cache:45 - TemplateLoader.findTemplateSource("commons/commons-macros.ftl"): Found
2022-12-07 13:48:38,784 DEBUG [main] cache:45 - Loading template for "commons/commons-macros.ftl"("en_US", UTF-8, parsed) from "jar:file:/C:/Users/AC67129/.m2/repository/com/aventstack/extentreports/5.0.9/extentreports-5.0.9.jar!/com/aventstack/extentreports/templates/commons/commons-macros.ftl"
2022-12-07 13:48:38,793 DEBUG [main] cache:45 - Couldn't find template in cache for "spark/macros/attributes.ftl"("en_US", UTF-8, parsed); will try to load it.
2022-12-07 13:48:38,798 DEBUG [main] cache:45 - TemplateLoader.findTemplateSource("spark/macros/attributes_en_US.ftl"): Not found
2022-12-07 13:48:38,799 DEBUG [main] cache:45 - TemplateLoader.findTemplateSource("spark/macros/attributes_en.ftl"): Not found
2022-12-07 13:48:38,800 DEBUG [main] cache:45 - TemplateLoader.findTemplateSource("spark/macros/attributes.ftl"): Found
2022-12-07 13:48:38,802 DEBUG [main] cache:45 - Loading template for "spark/macros/attributes.ftl"("en_US", UTF-8, parsed) from "jar:file:/C:/Users/AC67129/.m2/repository/com/aventstack/extentreports/5.0.9/extentreports-5.0.9.jar!/com/aventstack/extentreports/templates/spark/macros/attributes.ftl"
2022-12-07 13:48:38,806 DEBUG [main] cache:45 - Couldn't find template in cache for "spark/macros/log.ftl"("en_US", UTF-8, parsed); will try to load it.
2022-12-07 13:48:38,808 DEBUG [main] cache:45 - TemplateLoader.findTemplateSource("spark/macros/log_en_US.ftl"): Not found
2022-12-07 13:48:38,809 DEBUG [main] cache:45 - TemplateLoader.findTemplateSource("spark/macros/log_en.ftl"): Not found
2022-12-07 13:48:38,811 DEBUG [main] cache:45 - TemplateLoader.findTemplateSource("spark/macros/log.ftl"): Found
2022-12-07 13:48:38,811 DEBUG [main] cache:45 - Loading template for "spark/macros/log.ftl"("en_US", UTF-8, parsed) from "jar:file:/C:/Users/AC67129/.m2/repository/com/aventstack/extentreports/5.0.9/extentreports-5.0.9.jar!/com/aventstack/extentreports/templates/spark/macros/log.ftl"
2022-12-07 13:48:38,815 DEBUG [main] cache:45 - Couldn't find template in cache for "spark/macros/recurse_nodes.ftl"("en_US", UTF-8, parsed); will try to load it.
2022-12-07 13:48:38,817 DEBUG [main] cache:45 - TemplateLoader.findTemplateSource("spark/macros/recurse_nodes_en_US.ftl"): Not found
2022-12-07 13:48:38,819 DEBUG [main] cache:45 - TemplateLoader.findTemplateSource("spark/macros/recurse_nodes_en.ftl"): Not found
2022-12-07 13:48:38,821 DEBUG [main] cache:45 - TemplateLoader.findTemplateSource("spark/macros/recurse_nodes.ftl"): Found
2022-12-07 13:48:38,822 DEBUG [main] cache:45 - Loading template for "spark/macros/recurse_nodes.ftl"("en_US", UTF-8, parsed) from "jar:file:/C:/Users/AC67129/.m2/repository/com/aventstack/extentreports/5.0.9/extentreports-5.0.9.jar!/com/aventstack/extentreports/templates/spark/macros/recurse_nodes.ftl"
2022-12-07 13:48:38,830 DEBUG [main] cache:45 - "spark/macros/log.ftl"("en_US", UTF-8, parsed) cached copy not yet stale; using cached.
2022-12-07 13:48:38,831 DEBUG [main] cache:45 - Couldn't find template in cache for "spark/macros/attr-common.ftl"("en_US", UTF-8, parsed); will try to load it.
2022-12-07 13:48:38,832 DEBUG [main] cache:45 - TemplateLoader.findTemplateSource("spark/macros/attr-common_en_US.ftl"): Not found
2022-12-07 13:48:38,832 DEBUG [main] cache:45 - TemplateLoader.findTemplateSource("spark/macros/attr-common_en.ftl"): Not found
2022-12-07 13:48:38,836 DEBUG [main] cache:45 - TemplateLoader.findTemplateSource("spark/macros/attr-common.ftl"): Found
2022-12-07 13:48:38,837 DEBUG [main] cache:45 - Loading template for "spark/macros/attr-common.ftl"("en_US", UTF-8, parsed) from "jar:file:/C:/Users/AC67129/.m2/repository/com/aventstack/extentreports/5.0.9/extentreports-5.0.9.jar!/com/aventstack/extentreports/templates/spark/macros/attr-common.ftl"
2022-12-07 13:48:38,853 DEBUG [main] cache:45 - Couldn't find template in cache for "spark/partials/head.ftl"("en_US", UTF-8, parsed); will try to load it.
2022-12-07 13:48:38,854 DEBUG [main] cache:45 - TemplateLoader.findTemplateSource("spark/partials/head_en_US.ftl"): Not found
2022-12-07 13:48:38,855 DEBUG [main] cache:45 - TemplateLoader.findTemplateSource("spark/partials/head_en.ftl"): Not found
2022-12-07 13:48:38,856 DEBUG [main] cache:45 - TemplateLoader.findTemplateSource("spark/partials/head.ftl"): Found
2022-12-07 13:48:38,857 DEBUG [main] cache:45 - Loading template for "spark/partials/head.ftl"("en_US", UTF-8, parsed) from "jar:file:/C:/Users/AC67129/.m2/repository/com/aventstack/extentreports/5.0.9/extentreports-5.0.9.jar!/com/aventstack/extentreports/templates/spark/partials/head.ftl"
2022-12-07 13:48:38,867 DEBUG [main] cache:45 - Couldn't find template in cache for "commons/commons-inject-css.ftl"("en_US", UTF-8, parsed); will try to load it.
2022-12-07 13:48:38,869 DEBUG [main] cache:45 - TemplateLoader.findTemplateSource("commons/commons-inject-css_en_US.ftl"): Not found
2022-12-07 13:48:38,870 DEBUG [main] cache:45 - TemplateLoader.findTemplateSource("commons/commons-inject-css_en.ftl"): Not found
2022-12-07 13:48:38,872 DEBUG [main] cache:45 - TemplateLoader.findTemplateSource("commons/commons-inject-css.ftl"): Found
2022-12-07 13:48:38,873 DEBUG [main] cache:45 - Loading template for "commons/commons-inject-css.ftl"("en_US", UTF-8, parsed) from "jar:file:/C:/Users/AC67129/.m2/repository/com/aventstack/extentreports/5.0.9/extentreports-5.0.9.jar!/com/aventstack/extentreports/templates/commons/commons-inject-css.ftl"
2022-12-07 13:48:38,876 DEBUG [main] cache:45 - Couldn't find template in cache for "spark/partials/navbar.ftl"("en_US", UTF-8, parsed); will try to load it.
2022-12-07 13:48:38,876 DEBUG [main] cache:45 - TemplateLoader.findTemplateSource("spark/partials/navbar_en_US.ftl"): Not found
2022-12-07 13:48:38,882 DEBUG [main] cache:45 - TemplateLoader.findTemplateSource("spark/partials/navbar_en.ftl"): Not found
2022-12-07 13:48:38,886 DEBUG [main] cache:45 - TemplateLoader.findTemplateSource("spark/partials/navbar.ftl"): Found
2022-12-07 13:48:38,894 DEBUG [main] cache:45 - Loading template for "spark/partials/navbar.ftl"("en_US", UTF-8, parsed) from "jar:file:/C:/Users/AC67129/.m2/repository/com/aventstack/extentreports/5.0.9/extentreports-5.0.9.jar!/com/aventstack/extentreports/templates/spark/partials/navbar.ftl"
2022-12-07 13:48:38,906 DEBUG [main] cache:45 - Couldn't find template in cache for "spark/partials/sidenav.ftl"("en_US", UTF-8, parsed); will try to load it.
2022-12-07 13:48:38,907 DEBUG [main] cache:45 - TemplateLoader.findTemplateSource("spark/partials/sidenav_en_US.ftl"): Not found
2022-12-07 13:48:38,908 DEBUG [main] cache:45 - TemplateLoader.findTemplateSource("spark/partials/sidenav_en.ftl"): Not found
2022-12-07 13:48:38,910 DEBUG [main] cache:45 - TemplateLoader.findTemplateSource("spark/partials/sidenav.ftl"): Found
2022-12-07 13:48:38,910 DEBUG [main] cache:45 - Loading template for "spark/partials/sidenav.ftl"("en_US", UTF-8, parsed) from "jar:file:/C:/Users/AC67129/.m2/repository/com/aventstack/extentreports/5.0.9/extentreports-5.0.9.jar!/com/aventstack/extentreports/templates/spark/partials/sidenav.ftl"
2022-12-07 13:48:38,938 DEBUG [main] cache:45 - Couldn't find template in cache for "spark/partials/test.ftl"("en_US", UTF-8, parsed); will try to load it.
2022-12-07 13:48:38,941 DEBUG [main] cache:45 - TemplateLoader.findTemplateSource("spark/partials/test_en_US.ftl"): Not found
2022-12-07 13:48:38,943 DEBUG [main] cache:45 - TemplateLoader.findTemplateSource("spark/partials/test_en.ftl"): Not found
2022-12-07 13:48:38,945 DEBUG [main] cache:45 - TemplateLoader.findTemplateSource("spark/partials/test.ftl"): Found
2022-12-07 13:48:38,946 DEBUG [main] cache:45 - Loading template for "spark/partials/test.ftl"("en_US", UTF-8, parsed) from "jar:file:/C:/Users/AC67129/.m2/repository/com/aventstack/extentreports/5.0.9/extentreports-5.0.9.jar!/com/aventstack/extentreports/templates/spark/partials/test.ftl"
2022-12-07 13:48:38,974 DEBUG [main] cache:45 - Couldn't find template in cache for "spark/partials/bdd-content.ftl"("en_US", UTF-8, parsed); will try to load it.
2022-12-07 13:48:38,976 DEBUG [main] cache:45 - TemplateLoader.findTemplateSource("spark/partials/bdd-content_en_US.ftl"): Not found
2022-12-07 13:48:38,977 DEBUG [main] cache:45 - TemplateLoader.findTemplateSource("spark/partials/bdd-content_en.ftl"): Not found
2022-12-07 13:48:38,979 DEBUG [main] cache:45 - TemplateLoader.findTemplateSource("spark/partials/bdd-content.ftl"): Found
2022-12-07 13:48:38,980 DEBUG [main] cache:45 - Loading template for "spark/partials/bdd-content.ftl"("en_US", UTF-8, parsed) from "jar:file:/C:/Users/AC67129/.m2/repository/com/aventstack/extentreports/5.0.9/extentreports-5.0.9.jar!/com/aventstack/extentreports/templates/spark/partials/bdd-content.ftl"
2022-12-07 13:48:39,067 DEBUG [main] cache:45 - Couldn't find template in cache for "spark/partials/exception.ftl"("en_US", UTF-8, parsed); will try to load it.
2022-12-07 13:48:39,068 DEBUG [main] cache:45 - TemplateLoader.findTemplateSource("spark/partials/exception_en_US.ftl"): Not found
2022-12-07 13:48:39,070 DEBUG [main] cache:45 - TemplateLoader.findTemplateSource("spark/partials/exception_en.ftl"): Not found
2022-12-07 13:48:39,077 DEBUG [main] cache:45 - TemplateLoader.findTemplateSource("spark/partials/exception.ftl"): Found
2022-12-07 13:48:39,081 DEBUG [main] cache:45 - Loading template for "spark/partials/exception.ftl"("en_US", UTF-8, parsed) from "jar:file:/C:/Users/AC67129/.m2/repository/com/aventstack/extentreports/5.0.9/extentreports-5.0.9.jar!/com/aventstack/extentreports/templates/spark/partials/exception.ftl"
2022-12-07 13:48:39,087 DEBUG [main] cache:45 - Couldn't find template in cache for "spark/partials/category.ftl"("en_US", UTF-8, parsed); will try to load it.
2022-12-07 13:48:39,098 DEBUG [main] cache:45 - TemplateLoader.findTemplateSource("spark/partials/category_en_US.ftl"): Not found
2022-12-07 13:48:39,100 DEBUG [main] cache:45 - TemplateLoader.findTemplateSource("spark/partials/category_en.ftl"): Not found
2022-12-07 13:48:39,104 DEBUG [main] cache:45 - TemplateLoader.findTemplateSource("spark/partials/category.ftl"): Found
2022-12-07 13:48:39,105 DEBUG [main] cache:45 - Loading template for "spark/partials/category.ftl"("en_US", UTF-8, parsed) from "jar:file:/C:/Users/AC67129/.m2/repository/com/aventstack/extentreports/5.0.9/extentreports-5.0.9.jar!/com/aventstack/extentreports/templates/spark/partials/category.ftl"
2022-12-07 13:48:39,106 DEBUG [main] cache:45 - Couldn't find template in cache for "spark/partials/device.ftl"("en_US", UTF-8, parsed); will try to load it.
2022-12-07 13:48:39,107 DEBUG [main] cache:45 - TemplateLoader.findTemplateSource("spark/partials/device_en_US.ftl"): Not found
2022-12-07 13:48:39,108 DEBUG [main] cache:45 - TemplateLoader.findTemplateSource("spark/partials/device_en.ftl"): Not found
2022-12-07 13:48:39,109 DEBUG [main] cache:45 - TemplateLoader.findTemplateSource("spark/partials/device.ftl"): Found
2022-12-07 13:48:39,109 DEBUG [main] cache:45 - Loading template for "spark/partials/device.ftl"("en_US", UTF-8, parsed) from "jar:file:/C:/Users/AC67129/.m2/repository/com/aventstack/extentreports/5.0.9/extentreports-5.0.9.jar!/com/aventstack/extentreports/templates/spark/partials/device.ftl"
2022-12-07 13:48:39,112 DEBUG [main] cache:45 - Couldn't find template in cache for "spark/partials/author.ftl"("en_US", UTF-8, parsed); will try to load it.
2022-12-07 13:48:39,117 DEBUG [main] cache:45 - TemplateLoader.findTemplateSource("spark/partials/author_en_US.ftl"): Not found
2022-12-07 13:48:39,118 DEBUG [main] cache:45 - TemplateLoader.findTemplateSource("spark/partials/author_en.ftl"): Not found
2022-12-07 13:48:39,118 DEBUG [main] cache:45 - TemplateLoader.findTemplateSource("spark/partials/author.ftl"): Found
2022-12-07 13:48:39,119 DEBUG [main] cache:45 - Loading template for "spark/partials/author.ftl"("en_US", UTF-8, parsed) from "jar:file:/C:/Users/AC67129/.m2/repository/com/aventstack/extentreports/5.0.9/extentreports-5.0.9.jar!/com/aventstack/extentreports/templates/spark/partials/author.ftl"
2022-12-07 13:48:39,122 DEBUG [main] cache:45 - Couldn't find template in cache for "spark/partials/log.ftl"("en_US", UTF-8, parsed); will try to load it.
2022-12-07 13:48:39,123 DEBUG [main] cache:45 - TemplateLoader.findTemplateSource("spark/partials/log_en_US.ftl"): Not found
2022-12-07 13:48:39,124 DEBUG [main] cache:45 - TemplateLoader.findTemplateSource("spark/partials/log_en.ftl"): Not found
2022-12-07 13:48:39,125 DEBUG [main] cache:45 - TemplateLoader.findTemplateSource("spark/partials/log.ftl"): Found
2022-12-07 13:48:39,125 DEBUG [main] cache:45 - Loading template for "spark/partials/log.ftl"("en_US", UTF-8, parsed) from "jar:file:/C:/Users/AC67129/.m2/repository/com/aventstack/extentreports/5.0.9/extentreports-5.0.9.jar!/com/aventstack/extentreports/templates/spark/partials/log.ftl"
2022-12-07 13:48:39,127 DEBUG [main] cache:45 - Couldn't find template in cache for "spark/partials/dashboard.ftl"("en_US", UTF-8, parsed); will try to load it.
2022-12-07 13:48:39,130 DEBUG [main] cache:45 - TemplateLoader.findTemplateSource("spark/partials/dashboard_en_US.ftl"): Not found
2022-12-07 13:48:39,130 DEBUG [main] cache:45 - TemplateLoader.findTemplateSource("spark/partials/dashboard_en.ftl"): Not found
2022-12-07 13:48:39,131 DEBUG [main] cache:45 - TemplateLoader.findTemplateSource("spark/partials/dashboard.ftl"): Found
2022-12-07 13:48:39,132 DEBUG [main] cache:45 - Loading template for "spark/partials/dashboard.ftl"("en_US", UTF-8, parsed) from "jar:file:/C:/Users/AC67129/.m2/repository/com/aventstack/extentreports/5.0.9/extentreports-5.0.9.jar!/com/aventstack/extentreports/templates/spark/partials/dashboard.ftl"
2022-12-07 13:48:39,194 DEBUG [main] cache:45 - Couldn't find template in cache for "spark/partials/scripts.ftl"("en_US", UTF-8, parsed); will try to load it.
2022-12-07 13:48:39,196 DEBUG [main] cache:45 - TemplateLoader.findTemplateSource("spark/partials/scripts_en_US.ftl"): Not found
2022-12-07 13:48:39,197 DEBUG [main] cache:45 - TemplateLoader.findTemplateSource("spark/partials/scripts_en.ftl"): Not found
2022-12-07 13:48:39,198 DEBUG [main] cache:45 - TemplateLoader.findTemplateSource("spark/partials/scripts.ftl"): Found
2022-12-07 13:48:39,198 DEBUG [main] cache:45 - Loading template for "spark/partials/scripts.ftl"("en_US", UTF-8, parsed) from "jar:file:/C:/Users/AC67129/.m2/repository/com/aventstack/extentreports/5.0.9/extentreports-5.0.9.jar!/com/aventstack/extentreports/templates/spark/partials/scripts.ftl"
2022-12-07 13:48:39,201 DEBUG [main] cache:45 - Couldn't find template in cache for "commons/commons-inject-js.ftl"("en_US", UTF-8, parsed); will try to load it.
2022-12-07 13:48:39,202 DEBUG [main] cache:45 - TemplateLoader.findTemplateSource("commons/commons-inject-js_en_US.ftl"): Not found
2022-12-07 13:48:39,203 DEBUG [main] cache:45 - TemplateLoader.findTemplateSource("commons/commons-inject-js_en.ftl"): Not found
2022-12-07 13:48:39,206 DEBUG [main] cache:45 - TemplateLoader.findTemplateSource("commons/commons-inject-js.ftl"): Found
2022-12-07 13:48:39,207 DEBUG [main] cache:45 - Loading template for "commons/commons-inject-js.ftl"("en_US", UTF-8, parsed) from "jar:file:/C:/Users/AC67129/.m2/repository/com/aventstack/extentreports/5.0.9/extentreports-5.0.9.jar!/com/aventstack/extentreports/templates/commons/commons-inject-js.ftl"
2022-12-07 13:48:39,531 DEBUG [main] GlyphSubstitutionTable:263 - Type 4 GSUB lookup table is not supported and will be ignored
2022-12-07 13:48:39,532 DEBUG [main] GlyphSubstitutionTable:263 - Type 4 GSUB lookup table is not supported and will be ignored
2022-12-07 13:48:39,532 DEBUG [main] GlyphSubstitutionTable:263 - Type 6 GSUB lookup table is not supported and will be ignored
2022-12-07 13:48:39,532 DEBUG [main] GlyphSubstitutionTable:263 - Type 4 GSUB lookup table is not supported and will be ignored
2022-12-07 13:48:39,532 DEBUG [main] GlyphSubstitutionTable:263 - Type 4 GSUB lookup table is not supported and will be ignored
2022-12-07 13:48:39,597 DEBUG [main] GlyphSubstitutionTable:263 - Type 4 GSUB lookup table is not supported and will be ignored
2022-12-07 13:48:39,598 DEBUG [main] GlyphSubstitutionTable:263 - Type 4 GSUB lookup table is not supported and will be ignored
2022-12-07 13:48:39,598 DEBUG [main] GlyphSubstitutionTable:263 - Type 6 GSUB lookup table is not supported and will be ignored
2022-12-07 13:48:39,598 DEBUG [main] GlyphSubstitutionTable:263 - Type 4 GSUB lookup table is not supported and will be ignored
2022-12-07 13:48:39,599 DEBUG [main] GlyphSubstitutionTable:263 - Type 4 GSUB lookup table is not supported and will be ignored
2022-12-07 13:48:39,620 DEBUG [main] GlyphSubstitutionTable:263 - Type 4 GSUB lookup table is not supported and will be ignored
2022-12-07 13:48:39,623 DEBUG [main] GlyphSubstitutionTable:263 - Type 4 GSUB lookup table is not supported and will be ignored
2022-12-07 13:48:39,623 DEBUG [main] GlyphSubstitutionTable:263 - Type 6 GSUB lookup table is not supported and will be ignored
2022-12-07 13:48:39,624 DEBUG [main] GlyphSubstitutionTable:263 - Type 4 GSUB lookup table is not supported and will be ignored
2022-12-07 13:48:39,624 DEBUG [main] GlyphSubstitutionTable:263 - Type 4 GSUB lookup table is not supported and will be ignored
2022-12-07 13:48:39,641 DEBUG [main] GlyphSubstitutionTable:263 - Type 4 GSUB lookup table is not supported and will be ignored
2022-12-07 13:48:39,641 DEBUG [main] GlyphSubstitutionTable:263 - Type 4 GSUB lookup table is not supported and will be ignored
2022-12-07 13:48:39,641 DEBUG [main] GlyphSubstitutionTable:263 - Type 6 GSUB lookup table is not supported and will be ignored
2022-12-07 13:48:39,642 DEBUG [main] GlyphSubstitutionTable:263 - Type 4 GSUB lookup table is not supported and will be ignored
2022-12-07 13:48:39,642 DEBUG [main] GlyphSubstitutionTable:263 - Type 4 GSUB lookup table is not supported and will be ignored
2022-12-07 13:48:39,928 DEBUG [main] GlyphSubstitutionTable:263 - Type 4 GSUB lookup table is not supported and will be ignored
2022-12-07 13:48:39,928 DEBUG [main] GlyphSubstitutionTable:263 - Type 4 GSUB lookup table is not supported and will be ignored
2022-12-07 13:48:39,929 DEBUG [main] GlyphSubstitutionTable:263 - Type 6 GSUB lookup table is not supported and will be ignored
2022-12-07 13:48:39,931 DEBUG [main] GlyphSubstitutionTable:263 - Type 4 GSUB lookup table is not supported and will be ignored
2022-12-07 13:48:39,932 DEBUG [main] GlyphSubstitutionTable:263 - Type 4 GSUB lookup table is not supported and will be ignored
2022-12-07 13:48:40,795 DEBUG [main] FontFileFinder:136 - checkFontfile check C:\Windows\FONTS\8514fix.fon
2022-12-07 13:48:40,796 DEBUG [main] FontFileFinder:136 - checkFontfile check C:\Windows\FONTS\8514fixe.fon
2022-12-07 13:48:40,796 DEBUG [main] FontFileFinder:136 - checkFontfile check C:\Windows\FONTS\8514fixg.fon
2022-12-07 13:48:40,797 DEBUG [main] FontFileFinder:136 - checkFontfile check C:\Windows\FONTS\8514fixr.fon
2022-12-07 13:48:40,798 DEBUG [main] FontFileFinder:136 - checkFontfile check C:\Windows\FONTS\8514fixt.fon
2022-12-07 13:48:40,798 DEBUG [main] FontFileFinder:136 - checkFontfile check C:\Windows\FONTS\8514oem.fon
2022-12-07 13:48:40,798 DEBUG [main] FontFileFinder:136 - checkFontfile check C:\Windows\FONTS\8514oeme.fon
2022-12-07 13:48:40,799 DEBUG [main] FontFileFinder:136 - checkFontfile check C:\Windows\FONTS\8514oemg.fon
2022-12-07 13:48:40,799 DEBUG [main] FontFileFinder:136 - checkFontfile check C:\Windows\FONTS\8514oemr.fon
2022-12-07 13:48:40,799 DEBUG [main] FontFileFinder:136 - checkFontfile check C:\Windows\FONTS\8514oemt.fon
2022-12-07 13:48:40,799 DEBUG [main] FontFileFinder:136 - checkFontfile check C:\Windows\FONTS\8514sys.fon
2022-12-07 13:48:40,800 DEBUG [main] FontFileFinder:136 - checkFontfile check C:\Windows\FONTS\8514syse.fon
2022-12-07 13:48:40,800 DEBUG [main] FontFileFinder:136 - checkFontfile check C:\Windows\FONTS\8514sysg.fon
2022-12-07 13:48:40,800 DEBUG [main] FontFileFinder:136 - checkFontfile check C:\Windows\FONTS\8514sysr.fon
2022-12-07 13:48:40,800 DEBUG [main] FontFileFinder:136 - checkFontfile check C:\Windows\FONTS\8514syst.fon
2022-12-07 13:48:40,800 DEBUG [main] FontFileFinder:136 - checkFontfile check C:\Windows\FONTS\85775.fon
2022-12-07 13:48:40,801 DEBUG [main] FontFileFinder:136 - checkFontfile check C:\Windows\FONTS\85855.fon
2022-12-07 13:48:40,801 DEBUG [main] FontFileFinder:136 - checkFontfile check C:\Windows\FONTS\85f1255.fon
2022-12-07 13:48:40,802 DEBUG [main] FontFileFinder:136 - checkFontfile check C:\Windows\FONTS\85f1256.fon
2022-12-07 13:48:40,802 DEBUG [main] FontFileFinder:136 - checkFontfile check C:\Windows\FONTS\85f1257.fon
2022-12-07 13:48:40,804 DEBUG [main] FontFileFinder:136 - checkFontfile check C:\Windows\FONTS\85f874.fon
2022-12-07 13:48:40,804 DEBUG [main] FontFileFinder:136 - checkFontfile check C:\Windows\FONTS\85s1255.fon
2022-12-07 13:48:40,804 DEBUG [main] FontFileFinder:136 - checkFontfile check C:\Windows\FONTS\85s1256.fon
2022-12-07 13:48:40,805 DEBUG [main] FontFileFinder:136 - checkFontfile check C:\Windows\FONTS\85s1257.fon
2022-12-07 13:48:40,805 DEBUG [main] FontFileFinder:136 - checkFontfile check C:\Windows\FONTS\85s874.fon
2022-12-07 13:48:40,805 DEBUG [main] FontFileFinder:136 - checkFontfile check C:\Windows\FONTS\app775.fon
2022-12-07 13:48:40,806 DEBUG [main] FontFileFinder:136 - checkFontfile check C:\Windows\FONTS\app850.fon
2022-12-07 13:48:40,806 DEBUG [main] FontFileFinder:136 - checkFontfile check C:\Windows\FONTS\app852.fon
2022-12-07 13:48:40,807 DEBUG [main] FontFileFinder:136 - checkFontfile check C:\Windows\FONTS\app855.fon
2022-12-07 13:48:40,807 DEBUG [main] FontFileFinder:136 - checkFontfile check C:\Windows\FONTS\app857.fon
2022-12-07 13:48:40,808 DEBUG [main] FontFileFinder:136 - checkFontfile check C:\Windows\FONTS\app866.fon
2022-12-07 13:48:40,808 DEBUG [main] FontFileFinder:136 - checkFontfile check C:\Windows\FONTS\app932.fon
2022-12-07 13:48:40,808 DEBUG [main] FontFileFinder:136 - checkFontfile check C:\Windows\FONTS\app936.fon
2022-12-07 13:48:40,809 DEBUG [main] FontFileFinder:136 - checkFontfile check C:\Windows\FONTS\app949.fon
2022-12-07 13:48:40,810 DEBUG [main] FontFileFinder:136 - checkFontfile check C:\Windows\FONTS\app950.fon
2022-12-07 13:48:40,810 DEBUG [main] FontFileFinder:136 - checkFontfile check C:\Windows\FONTS\arial.ttf
2022-12-07 13:48:40,810 DEBUG [main] FontFileFinder:142 - checkFontfile found C:\Windows\FONTS\arial.ttf
2022-12-07 13:48:40,811 DEBUG [main] FontFileFinder:136 - checkFontfile check C:\Windows\FONTS\arialbd.ttf
2022-12-07 13:48:40,811 DEBUG [main] FontFileFinder:142 - checkFontfile found C:\Windows\FONTS\arialbd.ttf
2022-12-07 13:48:40,811 DEBUG [main] FontFileFinder:136 - checkFontfile check C:\Windows\FONTS\arialbi.ttf
2022-12-07 13:48:40,812 DEBUG [main] FontFileFinder:142 - checkFontfile found C:\Windows\FONTS\arialbi.ttf
2022-12-07 13:48:40,812 DEBUG [main] FontFileFinder:136 - checkFontfile check C:\Windows\FONTS\ariali.ttf
2022-12-07 13:48:40,812 DEBUG [main] FontFileFinder:142 - checkFontfile found C:\Windows\FONTS\ariali.ttf
2022-12-07 13:48:40,813 DEBUG [main] FontFileFinder:136 - checkFontfile check C:\Windows\FONTS\ariblk.ttf
2022-12-07 13:48:40,813 DEBUG [main] FontFileFinder:142 - checkFontfile found C:\Windows\FONTS\ariblk.ttf
2022-12-07 13:48:40,813 DEBUG [main] FontFileFinder:136 - checkFontfile check C:\Windows\FONTS\bahnschrift.ttf
2022-12-07 13:48:40,813 DEBUG [main] FontFileFinder:142 - checkFontfile found C:\Windows\FONTS\bahnschrift.ttf
2022-12-07 13:48:40,814 DEBUG [main] FontFileFinder:136 - checkFontfile check C:\Windows\FONTS\c8514fix.fon
2022-12-07 13:48:40,815 DEBUG [main] FontFileFinder:136 - checkFontfile check C:\Windows\FONTS\c8514oem.fon
2022-12-07 13:48:40,815 DEBUG [main] FontFileFinder:136 - checkFontfile check C:\Windows\FONTS\c8514sys.fon
2022-12-07 13:48:40,815 DEBUG [main] FontFileFinder:136 - checkFontfile check C:\Windows\FONTS\Caladea-Bold.ttf
2022-12-07 13:48:40,815 DEBUG [main] FontFileFinder:142 - checkFontfile found C:\Windows\FONTS\Caladea-Bold.ttf
2022-12-07 13:48:40,816 DEBUG [main] FontFileFinder:136 - checkFontfile check C:\Windows\FONTS\Caladea-BoldItalic.ttf
2022-12-07 13:48:40,816 DEBUG [main] FontFileFinder:142 - checkFontfile found C:\Windows\FONTS\Caladea-BoldItalic.ttf
2022-12-07 13:48:40,816 DEBUG [main] FontFileFinder:136 - checkFontfile check C:\Windows\FONTS\Caladea-Italic.ttf
2022-12-07 13:48:40,817 DEBUG [main] FontFileFinder:142 - checkFontfile found C:\Windows\FONTS\Caladea-Italic.ttf
2022-12-07 13:48:40,817 DEBUG [main] FontFileFinder:136 - checkFontfile check C:\Windows\FONTS\Caladea-Regular.ttf
2022-12-07 13:48:40,817 DEBUG [main] FontFileFinder:142 - checkFontfile found C:\Windows\FONTS\Caladea-Regular.ttf
2022-12-07 13:48:40,818 DEBUG [main] FontFileFinder:136 - checkFontfile check C:\Windows\FONTS\calibri.ttf
2022-12-07 13:48:40,818 DEBUG [main] FontFileFinder:142 - checkFontfile found C:\Windows\FONTS\calibri.ttf
2022-12-07 13:48:40,818 DEBUG [main] FontFileFinder:136 - checkFontfile check C:\Windows\FONTS\calibrib.ttf
2022-12-07 13:48:40,818 DEBUG [main] FontFileFinder:142 - checkFontfile found C:\Windows\FONTS\calibrib.ttf
2022-12-07 13:48:40,819 DEBUG [main] FontFileFinder:136 - checkFontfile check C:\Windows\FONTS\calibrii.ttf
2022-12-07 13:48:40,820 DEBUG [main] FontFileFinder:142 - checkFontfile found C:\Windows\FONTS\calibrii.ttf
2022-12-07 13:48:40,820 DEBUG [main] FontFileFinder:136 - checkFontfile check C:\Windows\FONTS\calibril.ttf
2022-12-07 13:48:40,821 DEBUG [main] FontFileFinder:142 - checkFontfile found C:\Windows\FONTS\calibril.ttf
2022-12-07 13:48:40,821 DEBUG [main] FontFileFinder:136 - checkFontfile check C:\Windows\FONTS\calibrili.ttf
2022-12-07 13:48:40,821 DEBUG [main] FontFileFinder:142 - checkFontfile found C:\Windows\FONTS\calibrili.ttf
2022-12-07 13:48:40,822 DEBUG [main] FontFileFinder:136 - checkFontfile check C:\Windows\FONTS\calibriz.ttf
2022-12-07 13:48:40,822 DEBUG [main] FontFileFinder:142 - checkFontfile found C:\Windows\FONTS\calibriz.ttf
2022-12-07 13:48:40,822 DEBUG [main] FontFileFinder:136 - checkFontfile check C:\Windows\FONTS\cambria.ttc
2022-12-07 13:48:40,822 DEBUG [main] FontFileFinder:142 - checkFontfile found C:\Windows\FONTS\cambria.ttc
2022-12-07 13:48:40,822 DEBUG [main] FontFileFinder:136 - checkFontfile check C:\Windows\FONTS\cambriab.ttf
2022-12-07 13:48:40,823 DEBUG [main] FontFileFinder:142 - checkFontfile found C:\Windows\FONTS\cambriab.ttf
2022-12-07 13:48:40,823 DEBUG [main] FontFileFinder:136 - checkFontfile check C:\Windows\FONTS\cambriai.ttf
2022-12-07 13:48:40,823 DEBUG [main] FontFileFinder:142 - checkFontfile found C:\Windows\FONTS\cambriai.ttf
2022-12-07 13:48:40,823 DEBUG [main] FontFileFinder:136 - checkFontfile check C:\Windows\FONTS\cambriaz.ttf
2022-12-07 13:48:40,823 DEBUG [main] FontFileFinder:142 - checkFontfile found C:\Windows\FONTS\cambriaz.ttf
2022-12-07 13:48:40,824 DEBUG [main] FontFileFinder:136 - checkFontfile check C:\Windows\FONTS\Candara.ttf
2022-12-07 13:48:40,824 DEBUG [main] FontFileFinder:142 - checkFontfile found C:\Windows\FONTS\Candara.ttf
2022-12-07 13:48:40,824 DEBUG [main] FontFileFinder:136 - checkFontfile check C:\Windows\FONTS\Candarab.ttf
2022-12-07 13:48:40,824 DEBUG [main] FontFileFinder:142 - checkFontfile found C:\Windows\FONTS\Candarab.ttf
2022-12-07 13:48:40,825 DEBUG [main] FontFileFinder:136 - checkFontfile check C:\Windows\FONTS\Candarai.ttf
2022-12-07 13:48:40,825 DEBUG [main] FontFileFinder:142 - checkFontfile found C:\Windows\FONTS\Candarai.ttf
2022-12-07 13:48:40,826 DEBUG [main] FontFileFinder:136 - checkFontfile check C:\Windows\FONTS\Candaral.ttf
2022-12-07 13:48:40,826 DEBUG [main] FontFileFinder:142 - checkFontfile found C:\Windows\FONTS\Candaral.ttf
2022-12-07 13:48:40,827 DEBUG [main] FontFileFinder:136 - checkFontfile check C:\Windows\FONTS\Candarali.ttf
2022-12-07 13:48:40,827 DEBUG [main] FontFileFinder:142 - checkFontfile found C:\Windows\FONTS\Candarali.ttf
2022-12-07 13:48:40,828 DEBUG [main] FontFileFinder:136 - checkFontfile check C:\Windows\FONTS\Candaraz.ttf
2022-12-07 13:48:40,828 DEBUG [main] FontFileFinder:142 - checkFontfile found C:\Windows\FONTS\Candaraz.ttf
2022-12-07 13:48:40,828 DEBUG [main] FontFileFinder:136 - checkFontfile check C:\Windows\FONTS\Carlito-Bold.ttf
2022-12-07 13:48:40,828 DEBUG [main] FontFileFinder:142 - checkFontfile found C:\Windows\FONTS\Carlito-Bold.ttf
2022-12-07 13:48:40,828 DEBUG [main] FontFileFinder:136 - checkFontfile check C:\Windows\FONTS\Carlito-BoldItalic.ttf
2022-12-07 13:48:40,830 DEBUG [main] FontFileFinder:142 - checkFontfile found C:\Windows\FONTS\Carlito-BoldItalic.ttf
2022-12-07 13:48:40,831 DEBUG [main] FontFileFinder:136 - checkFontfile check C:\Windows\FONTS\Carlito-Italic.ttf
2022-12-07 13:48:40,831 DEBUG [main] FontFileFinder:142 - checkFontfile found C:\Windows\FONTS\Carlito-Italic.ttf
2022-12-07 13:48:40,832 DEBUG [main] FontFileFinder:136 - checkFontfile check C:\Windows\FONTS\Carlito-Regular.ttf
2022-12-07 13:48:40,832 DEBUG [main] FontFileFinder:142 - checkFontfile found C:\Windows\FONTS\Carlito-Regular.ttf
2022-12-07 13:48:40,833 DEBUG [main] FontFileFinder:136 - checkFontfile check C:\Windows\FONTS\CascadiaCode.ttf
2022-12-07 13:48:40,833 DEBUG [main] FontFileFinder:142 - checkFontfile found C:\Windows\FONTS\CascadiaCode.ttf
2022-12-07 13:48:40,834 DEBUG [main] FontFileFinder:136 - checkFontfile check C:\Windows\FONTS\CascadiaMono.ttf
2022-12-07 13:48:40,834 DEBUG [main] FontFileFinder:142 - checkFontfile found C:\Windows\FONTS\CascadiaMono.ttf
2022-12-07 13:48:40,835 DEBUG [main] FontFileFinder:136 - checkFontfile check C:\Windows\FONTS\cga40737.fon
2022-12-07 13:48:40,836 DEBUG [main] FontFileFinder:136 - checkFontfile check C:\Windows\FONTS\cga40850.fon
2022-12-07 13:48:40,836 DEBUG [main] FontFileFinder:136 - checkFontfile check C:\Windows\FONTS\cga40852.fon
2022-12-07 13:48:40,836 DEBUG [main] FontFileFinder:136 - checkFontfile check C:\Windows\FONTS\cga40857.fon
2022-12-07 13:48:40,837 DEBUG [main] FontFileFinder:136 - checkFontfile check C:\Windows\FONTS\cga40866.fon
2022-12-07 13:48:40,837 DEBUG [main] FontFileFinder:136 - checkFontfile check C:\Windows\FONTS\cga40869.fon
2022-12-07 13:48:40,838 DEBUG [main] FontFileFinder:136 - checkFontfile check C:\Windows\FONTS\cga40woa.fon
2022-12-07 13:48:40,838 DEBUG [main] FontFileFinder:136 - checkFontfile check C:\Windows\FONTS\cga80737.fon
2022-12-07 13:48:40,839 DEBUG [main] FontFileFinder:136 - checkFontfile check C:\Windows\FONTS\cga80850.fon
2022-12-07 13:48:40,840 DEBUG [main] FontFileFinder:136 - checkFontfile check C:\Windows\FONTS\cga80852.fon
2022-12-07 13:48:40,840 DEBUG [main] FontFileFinder:136 - checkFontfile check C:\Windows\FONTS\cga80857.fon
2022-12-07 13:48:40,841 DEBUG [main] FontFileFinder:136 - checkFontfile check C:\Windows\FONTS\cga80866.fon
2022-12-07 13:48:40,841 DEBUG [main] FontFileFinder:136 - checkFontfile check C:\Windows\FONTS\cga80869.fon
2022-12-07 13:48:40,841 DEBUG [main] FontFileFinder:136 - checkFontfile check C:\Windows\FONTS\cga80woa.fon
2022-12-07 13:48:40,842 DEBUG [main] FontFileFinder:136 - checkFontfile check C:\Windows\FONTS\comic.ttf
2022-12-07 13:48:40,842 DEBUG [main] FontFileFinder:142 - checkFontfile found C:\Windows\FONTS\comic.ttf
2022-12-07 13:48:40,843 DEBUG [main] FontFileFinder:136 - checkFontfile check C:\Windows\FONTS\comicbd.ttf
2022-12-07 13:48:40,843 DEBUG [main] FontFileFinder:142 - checkFontfile found C:\Windows\FONTS\comicbd.ttf
2022-12-07 13:48:40,844 DEBUG [main] FontFileFinder:136 - checkFontfile check C:\Windows\FONTS\comici.ttf
2022-12-07 13:48:40,844 DEBUG [main] FontFileFinder:142 - checkFontfile found C:\Windows\FONTS\comici.ttf
2022-12-07 13:48:40,845 DEBUG [main] FontFileFinder:136 - checkFontfile check C:\Windows\FONTS\comicz.ttf
2022-12-07 13:48:40,845 DEBUG [main] FontFileFinder:142 - checkFontfile found C:\Windows\FONTS\comicz.ttf
2022-12-07 13:48:40,846 DEBUG [main] FontFileFinder:136 - checkFontfile check C:\Windows\FONTS\consola.ttf
2022-12-07 13:48:40,846 DEBUG [main] FontFileFinder:142 - checkFontfile found C:\Windows\FONTS\consola.ttf
2022-12-07 13:48:40,847 DEBUG [main] FontFileFinder:136 - checkFontfile check C:\Windows\FONTS\consolab.ttf
2022-12-07 13:48:40,847 DEBUG [main] FontFileFinder:142 - checkFontfile found C:\Windows\FONTS\consolab.ttf
2022-12-07 13:48:40,847 DEBUG [main] FontFileFinder:136 - checkFontfile check C:\Windows\FONTS\consolai.ttf
2022-12-07 13:48:40,848 DEBUG [main] FontFileFinder:142 - checkFontfile found C:\Windows\FONTS\consolai.ttf
2022-12-07 13:48:40,848 DEBUG [main] FontFileFinder:136 - checkFontfile check C:\Windows\FONTS\consolaz.ttf
2022-12-07 13:48:40,848 DEBUG [main] FontFileFinder:142 - checkFontfile found C:\Windows\FONTS\consolaz.ttf
2022-12-07 13:48:40,848 DEBUG [main] FontFileFinder:136 - checkFontfile check C:\Windows\FONTS\constan.ttf
2022-12-07 13:48:40,848 DEBUG [main] FontFileFinder:142 - checkFontfile found C:\Windows\FONTS\constan.ttf
2022-12-07 13:48:40,849 DEBUG [main] FontFileFinder:136 - checkFontfile check C:\Windows\FONTS\constanb.ttf
2022-12-07 13:48:40,849 DEBUG [main] FontFileFinder:142 - checkFontfile found C:\Windows\FONTS\constanb.ttf
2022-12-07 13:48:40,850 DEBUG [main] FontFileFinder:136 - checkFontfile check C:\Windows\FONTS\constani.ttf
2022-12-07 13:48:40,850 DEBUG [main] FontFileFinder:142 - checkFontfile found C:\Windows\FONTS\constani.ttf
2022-12-07 13:48:40,851 DEBUG [main] FontFileFinder:136 - checkFontfile check C:\Windows\FONTS\constanz.ttf
2022-12-07 13:48:40,851 DEBUG [main] FontFileFinder:142 - checkFontfile found C:\Windows\FONTS\constanz.ttf
2022-12-07 13:48:40,851 DEBUG [main] FontFileFinder:136 - checkFontfile check C:\Windows\FONTS\corbel.ttf
2022-12-07 13:48:40,851 DEBUG [main] FontFileFinder:142 - checkFontfile found C:\Windows\FONTS\corbel.ttf
2022-12-07 13:48:40,852 DEBUG [main] FontFileFinder:136 - checkFontfile check C:\Windows\FONTS\corbelb.ttf
2022-12-07 13:48:40,852 DEBUG [main] FontFileFinder:142 - checkFontfile found C:\Windows\FONTS\corbelb.ttf
2022-12-07 13:48:40,852 DEBUG [main] FontFileFinder:136 - checkFontfile check C:\Windows\FONTS\corbeli.ttf
2022-12-07 13:48:40,852 DEBUG [main] FontFileFinder:142 - checkFontfile found C:\Windows\FONTS\corbeli.ttf
2022-12-07 13:48:40,852 DEBUG [main] FontFileFinder:136 - checkFontfile check C:\Windows\FONTS\corbell.ttf
2022-12-07 13:48:40,852 DEBUG [main] FontFileFinder:142 - checkFontfile found C:\Windows\FONTS\corbell.ttf
2022-12-07 13:48:40,852 DEBUG [main] FontFileFinder:136 - checkFontfile check C:\Windows\FONTS\corbelli.ttf
2022-12-07 13:48:40,854 DEBUG [main] FontFileFinder:142 - checkFontfile found C:\Windows\FONTS\corbelli.ttf
2022-12-07 13:48:40,855 DEBUG [main] FontFileFinder:136 - checkFontfile check C:\Windows\FONTS\corbelz.ttf
2022-12-07 13:48:40,855 DEBUG [main] FontFileFinder:142 - checkFontfile found C:\Windows\FONTS\corbelz.ttf
2022-12-07 13:48:40,856 DEBUG [main] FontFileFinder:136 - checkFontfile check C:\Windows\FONTS\coue1255.fon
2022-12-07 13:48:40,856 DEBUG [main] FontFileFinder:136 - checkFontfile check C:\Windows\FONTS\coue1256.fon
2022-12-07 13:48:40,857 DEBUG [main] FontFileFinder:136 - checkFontfile check C:\Windows\FONTS\coue1257.fon
2022-12-07 13:48:40,857 DEBUG [main] FontFileFinder:136 - checkFontfile check C:\Windows\FONTS\couf1255.fon
2022-12-07 13:48:40,857 DEBUG [main] FontFileFinder:136 - checkFontfile check C:\Windows\FONTS\couf1256.fon
2022-12-07 13:48:40,857 DEBUG [main] FontFileFinder:136 - checkFontfile check C:\Windows\FONTS\couf1257.fon
2022-12-07 13:48:40,858 DEBUG [main] FontFileFinder:136 - checkFontfile check C:\Windows\FONTS\cour.ttf
2022-12-07 13:48:40,858 DEBUG [main] FontFileFinder:142 - checkFontfile found C:\Windows\FONTS\cour.ttf
2022-12-07 13:48:40,858 DEBUG [main] FontFileFinder:136 - checkFontfile check C:\Windows\FONTS\courbd.ttf
2022-12-07 13:48:40,858 DEBUG [main] FontFileFinder:142 - checkFontfile found C:\Windows\FONTS\courbd.ttf
2022-12-07 13:48:40,858 DEBUG [main] FontFileFinder:136 - checkFontfile check C:\Windows\FONTS\courbi.ttf
2022-12-07 13:48:40,858 DEBUG [main] FontFileFinder:142 - checkFontfile found C:\Windows\FONTS\courbi.ttf
2022-12-07 13:48:40,859 DEBUG [main] FontFileFinder:136 - checkFontfile check C:\Windows\FONTS\coure.fon
2022-12-07 13:48:40,860 DEBUG [main] FontFileFinder:136 - checkFontfile check C:\Windows\FONTS\couree.fon
2022-12-07 13:48:40,860 DEBUG [main] FontFileFinder:136 - checkFontfile check C:\Windows\FONTS\coureg.fon
2022-12-07 13:48:40,861 DEBUG [main] FontFileFinder:136 - checkFontfile check C:\Windows\FONTS\courer.fon
2022-12-07 13:48:40,861 DEBUG [main] FontFileFinder:136 - checkFontfile check C:\Windows\FONTS\couret.fon
2022-12-07 13:48:40,862 DEBUG [main] FontFileFinder:136 - checkFontfile check C:\Windows\FONTS\courf.fon
2022-12-07 13:48:40,862 DEBUG [main] FontFileFinder:136 - checkFontfile check C:\Windows\FONTS\courfe.fon
2022-12-07 13:48:40,862 DEBUG [main] FontFileFinder:136 - checkFontfile check C:\Windows\FONTS\courfg.fon
2022-12-07 13:48:40,862 DEBUG [main] FontFileFinder:136 - checkFontfile check C:\Windows\FONTS\courfr.fon
2022-12-07 13:48:40,863 DEBUG [main] FontFileFinder:136 - checkFontfile check C:\Windows\FONTS\courft.fon
2022-12-07 13:48:40,863 DEBUG [main] FontFileFinder:136 - checkFontfile check C:\Windows\FONTS\couri.ttf
2022-12-07 13:48:40,863 DEBUG [main] FontFileFinder:142 - checkFontfile found C:\Windows\FONTS\couri.ttf
2022-12-07 13:48:40,863 DEBUG [main] FontFileFinder:136 - checkFontfile check C:\Windows\FONTS\cvgafix.fon
2022-12-07 13:48:40,864 DEBUG [main] FontFileFinder:136 - checkFontfile check C:\Windows\FONTS\cvgasys.fon
2022-12-07 13:48:40,865 DEBUG [main] FontFileFinder:136 - checkFontfile check C:\Windows\FONTS\DejaVuSans-Bold.ttf
2022-12-07 13:48:40,865 DEBUG [main] FontFileFinder:142 - checkFontfile found C:\Windows\FONTS\DejaVuSans-Bold.ttf
2022-12-07 13:48:40,866 DEBUG [main] FontFileFinder:136 - checkFontfile check C:\Windows\FONTS\DejaVuSans-BoldOblique.ttf
2022-12-07 13:48:40,867 DEBUG [main] FontFileFinder:142 - checkFontfile found C:\Windows\FONTS\DejaVuSans-BoldOblique.ttf
2022-12-07 13:48:40,867 DEBUG [main] FontFileFinder:136 - checkFontfile check C:\Windows\FONTS\DejaVuSans-ExtraLight.ttf
2022-12-07 13:48:40,868 DEBUG [main] FontFileFinder:142 - checkFontfile found C:\Windows\FONTS\DejaVuSans-ExtraLight.ttf
2022-12-07 13:48:40,868 DEBUG [main] FontFileFinder:136 - checkFontfile check C:\Windows\FONTS\DejaVuSans-Oblique.ttf
2022-12-07 13:48:40,868 DEBUG [main] FontFileFinder:142 - checkFontfile found C:\Windows\FONTS\DejaVuSans-Oblique.ttf
2022-12-07 13:48:40,869 DEBUG [main] FontFileFinder:136 - checkFontfile check C:\Windows\FONTS\DejaVuSans.ttf
2022-12-07 13:48:40,870 DEBUG [main] FontFileFinder:142 - checkFontfile found C:\Windows\FONTS\DejaVuSans.ttf
2022-12-07 13:48:40,870 DEBUG [main] FontFileFinder:136 - checkFontfile check C:\Windows\FONTS\DejaVuSansCondensed-Bold.ttf
2022-12-07 13:48:40,871 DEBUG [main] FontFileFinder:142 - checkFontfile found C:\Windows\FONTS\DejaVuSansCondensed-Bold.ttf
2022-12-07 13:48:40,871 DEBUG [main] FontFileFinder:136 - checkFontfile check C:\Windows\FONTS\DejaVuSansCondensed-BoldOblique.ttf
2022-12-07 13:48:40,871 DEBUG [main] FontFileFinder:142 - checkFontfile found C:\Windows\FONTS\DejaVuSansCondensed-BoldOblique.ttf
2022-12-07 13:48:40,872 DEBUG [main] FontFileFinder:136 - checkFontfile check C:\Windows\FONTS\DejaVuSansCondensed-Oblique.ttf
2022-12-07 13:48:40,872 DEBUG [main] FontFileFinder:142 - checkFontfile found C:\Windows\FONTS\DejaVuSansCondensed-Oblique.ttf
2022-12-07 13:48:40,872 DEBUG [main] FontFileFinder:136 - checkFontfile check C:\Windows\FONTS\DejaVuSansCondensed.ttf
2022-12-07 13:48:40,872 DEBUG [main] FontFileFinder:142 - checkFontfile found C:\Windows\FONTS\DejaVuSansCondensed.ttf
2022-12-07 13:48:40,872 DEBUG [main] FontFileFinder:136 - checkFontfile check C:\Windows\FONTS\DejaVuSansMono-Bold.ttf
2022-12-07 13:48:40,872 DEBUG [main] FontFileFinder:142 - checkFontfile found C:\Windows\FONTS\DejaVuSansMono-Bold.ttf
2022-12-07 13:48:40,873 DEBUG [main] FontFileFinder:136 - checkFontfile check C:\Windows\FONTS\DejaVuSansMono-BoldOblique.ttf
2022-12-07 13:48:40,873 DEBUG [main] FontFileFinder:142 - checkFontfile found C:\Windows\FONTS\DejaVuSansMono-BoldOblique.ttf
2022-12-07 13:48:40,874 DEBUG [main] FontFileFinder:136 - checkFontfile check C:\Windows\FONTS\DejaVuSansMono-Oblique.ttf
2022-12-07 13:48:40,875 DEBUG [main] FontFileFinder:142 - checkFontfile found C:\Windows\FONTS\DejaVuSansMono-Oblique.ttf
2022-12-07 13:48:40,875 DEBUG [main] FontFileFinder:136 - checkFontfile check C:\Windows\FONTS\DejaVuSansMono.ttf
2022-12-07 13:48:40,876 DEBUG [main] FontFileFinder:142 - checkFontfile found C:\Windows\FONTS\DejaVuSansMono.ttf
2022-12-07 13:48:40,876 DEBUG [main] FontFileFinder:136 - checkFontfile check C:\Windows\FONTS\DejaVuSerif-Bold.ttf
2022-12-07 13:48:40,878 DEBUG [main] FontFileFinder:142 - checkFontfile found C:\Windows\FONTS\DejaVuSerif-Bold.ttf
2022-12-07 13:48:40,878 DEBUG [main] FontFileFinder:136 - checkFontfile check C:\Windows\FONTS\DejaVuSerif-BoldItalic.ttf
2022-12-07 13:48:40,879 DEBUG [main] FontFileFinder:142 - checkFontfile found C:\Windows\FONTS\DejaVuSerif-BoldItalic.ttf
2022-12-07 13:48:40,879 DEBUG [main] FontFileFinder:136 - checkFontfile check C:\Windows\FONTS\DejaVuSerif-Italic.ttf
2022-12-07 13:48:40,880 DEBUG [main] FontFileFinder:142 - checkFontfile found C:\Windows\FONTS\DejaVuSerif-Italic.ttf
2022-12-07 13:48:40,880 DEBUG [main] FontFileFinder:136 - checkFontfile check C:\Windows\FONTS\DejaVuSerif.ttf
2022-12-07 13:48:40,880 DEBUG [main] FontFileFinder:142 - checkFontfile found C:\Windows\FONTS\DejaVuSerif.ttf
2022-12-07 13:48:40,880 DEBUG [main] FontFileFinder:136 - checkFontfile check C:\Windows\FONTS\DejaVuSerifCondensed-Bold.ttf
2022-12-07 13:48:40,881 DEBUG [main] FontFileFinder:142 - checkFontfile found C:\Windows\FONTS\DejaVuSerifCondensed-Bold.ttf
2022-12-07 13:48:40,891 DEBUG [main] FontFileFinder:136 - checkFontfile check C:\Windows\FONTS\DejaVuSerifCondensed-BoldItalic.ttf
2022-12-07 13:48:40,891 DEBUG [main] FontFileFinder:142 - checkFontfile found C:\Windows\FONTS\DejaVuSerifCondensed-BoldItalic.ttf
2022-12-07 13:48:40,892 DEBUG [main] FontFileFinder:136 - checkFontfile check C:\Windows\FONTS\DejaVuSerifCondensed-Italic.ttf
2022-12-07 13:48:40,892 DEBUG [main] FontFileFinder:142 - checkFontfile found C:\Windows\FONTS\DejaVuSerifCondensed-Italic.ttf
2022-12-07 13:48:40,893 DEBUG [main] FontFileFinder:136 - checkFontfile check C:\Windows\FONTS\DejaVuSerifCondensed.ttf
2022-12-07 13:48:40,894 DEBUG [main] FontFileFinder:142 - checkFontfile found C:\Windows\FONTS\DejaVuSerifCondensed.ttf
2022-12-07 13:48:40,895 DEBUG [main] FontFileFinder:136 - checkFontfile check C:\Windows\FONTS\desktop.ini
2022-12-07 13:48:40,895 DEBUG [main] FontFileFinder:136 - checkFontfile check C:\Windows\FONTS\dos737.fon
2022-12-07 13:48:40,896 DEBUG [main] FontFileFinder:136 - checkFontfile check C:\Windows\FONTS\dos869.fon
2022-12-07 13:48:40,896 DEBUG [main] FontFileFinder:136 - checkFontfile check C:\Windows\FONTS\dosapp.fon
2022-12-07 13:48:40,897 DEBUG [main] FontFileFinder:136 - checkFontfile check C:\Windows\FONTS\ebrima.ttf
2022-12-07 13:48:40,897 DEBUG [main] FontFileFinder:142 - checkFontfile found C:\Windows\FONTS\ebrima.ttf
2022-12-07 13:48:40,898 DEBUG [main] FontFileFinder:136 - checkFontfile check C:\Windows\FONTS\ebrimabd.ttf
2022-12-07 13:48:40,898 DEBUG [main] FontFileFinder:142 - checkFontfile found C:\Windows\FONTS\ebrimabd.ttf
2022-12-07 13:48:40,899 DEBUG [main] FontFileFinder:136 - checkFontfile check C:\Windows\FONTS\ega40737.fon
2022-12-07 13:48:40,899 DEBUG [main] FontFileFinder:136 - checkFontfile check C:\Windows\FONTS\ega40850.fon
2022-12-07 13:48:40,899 DEBUG [main] FontFileFinder:136 - checkFontfile check C:\Windows\FONTS\ega40852.fon
2022-12-07 13:48:40,900 DEBUG [main] FontFileFinder:136 - checkFontfile check C:\Windows\FONTS\ega40857.fon
2022-12-07 13:48:40,900 DEBUG [main] FontFileFinder:136 - checkFontfile check C:\Windows\FONTS\ega40866.fon
2022-12-07 13:48:40,901 DEBUG [main] FontFileFinder:136 - checkFontfile check C:\Windows\FONTS\ega40869.fon
2022-12-07 13:48:40,901 DEBUG [main] FontFileFinder:136 - checkFontfile check C:\Windows\FONTS\ega40woa.fon
2022-12-07 13:48:40,902 DEBUG [main] FontFileFinder:136 - checkFontfile check C:\Windows\FONTS\ega80737.fon
2022-12-07 13:48:40,902 DEBUG [main] FontFileFinder:136 - checkFontfile check C:\Windows\FONTS\ega80850.fon
2022-12-07 13:48:40,902 DEBUG [main] FontFileFinder:136 - checkFontfile check C:\Windows\FONTS\ega80852.fon
2022-12-07 13:48:40,903 DEBUG [main] FontFileFinder:136 - checkFontfile check C:\Windows\FONTS\ega80857.fon
2022-12-07 13:48:40,903 DEBUG [main] FontFileFinder:136 - checkFontfile check C:\Windows\FONTS\ega80866.fon
2022-12-07 13:48:40,903 DEBUG [main] FontFileFinder:136 - checkFontfile check C:\Windows\FONTS\ega80869.fon
2022-12-07 13:48:40,903 DEBUG [main] FontFileFinder:136 - checkFontfile check C:\Windows\FONTS\ega80woa.fon
2022-12-07 13:48:40,903 DEBUG [main] FontFileFinder:136 - checkFontfile check C:\Windows\FONTS\fms_metadata.xml
2022-12-07 13:48:40,905 DEBUG [main] FontFileFinder:136 - checkFontfile check C:\Windows\FONTS\framd.ttf
2022-12-07 13:48:40,906 DEBUG [main] FontFileFinder:142 - checkFontfile found C:\Windows\FONTS\framd.ttf
2022-12-07 13:48:40,906 DEBUG [main] FontFileFinder:136 - checkFontfile check C:\Windows\FONTS\framdit.ttf
2022-12-07 13:48:40,906 DEBUG [main] FontFileFinder:142 - checkFontfile found C:\Windows\FONTS\framdit.ttf
2022-12-07 13:48:40,907 DEBUG [main] FontFileFinder:136 - checkFontfile check C:\Windows\FONTS\Gabriola.ttf
2022-12-07 13:48:40,907 DEBUG [main] FontFileFinder:142 - checkFontfile found C:\Windows\FONTS\Gabriola.ttf
2022-12-07 13:48:40,908 DEBUG [main] FontFileFinder:136 - checkFontfile check C:\Windows\FONTS\gadugi.ttf
2022-12-07 13:48:40,909 DEBUG [main] FontFileFinder:142 - checkFontfile found C:\Windows\FONTS\gadugi.ttf
2022-12-07 13:48:40,909 DEBUG [main] FontFileFinder:136 - checkFontfile check C:\Windows\FONTS\gadugib.ttf
2022-12-07 13:48:40,910 DEBUG [main] FontFileFinder:142 - checkFontfile found C:\Windows\FONTS\gadugib.ttf
2022-12-07 13:48:40,911 DEBUG [main] FontFileFinder:136 - checkFontfile check C:\Windows\FONTS\GenBasB.ttf
2022-12-07 13:48:40,911 DEBUG [main] FontFileFinder:142 - checkFontfile found C:\Windows\FONTS\GenBasB.ttf
2022-12-07 13:48:40,912 DEBUG [main] FontFileFinder:136 - checkFontfile check C:\Windows\FONTS\GenBasBI.ttf
2022-12-07 13:48:40,912 DEBUG [main] FontFileFinder:142 - checkFontfile found C:\Windows\FONTS\GenBasBI.ttf
2022-12-07 13:48:40,913 DEBUG [main] FontFileFinder:136 - checkFontfile check C:\Windows\FONTS\GenBasI.ttf
2022-12-07 13:48:40,913 DEBUG [main] FontFileFinder:142 - checkFontfile found C:\Windows\FONTS\GenBasI.ttf
2022-12-07 13:48:40,914 DEBUG [main] FontFileFinder:136 - checkFontfile check C:\Windows\FONTS\GenBasR.ttf
2022-12-07 13:48:40,914 DEBUG [main] FontFileFinder:142 - checkFontfile found C:\Windows\FONTS\GenBasR.ttf
2022-12-07 13:48:40,915 DEBUG [main] FontFileFinder:136 - checkFontfile check C:\Windows\FONTS\GenBkBasB.ttf
2022-12-07 13:48:40,916 DEBUG [main] FontFileFinder:142 - checkFontfile found C:\Windows\FONTS\GenBkBasB.ttf
2022-12-07 13:48:40,917 DEBUG [main] FontFileFinder:136 - checkFontfile check C:\Windows\FONTS\GenBkBasBI.ttf
2022-12-07 13:48:40,917 DEBUG [main] FontFileFinder:142 - checkFontfile found C:\Windows\FONTS\GenBkBasBI.ttf
2022-12-07 13:48:40,917 DEBUG [main] FontFileFinder:136 - checkFontfile check C:\Windows\FONTS\GenBkBasI.ttf
2022-12-07 13:48:40,918 DEBUG [main] FontFileFinder:142 - checkFontfile found C:\Windows\FONTS\GenBkBasI.ttf
2022-12-07 13:48:40,918 DEBUG [main] FontFileFinder:136 - checkFontfile check C:\Windows\FONTS\GenBkBasR.ttf
2022-12-07 13:48:40,918 DEBUG [main] FontFileFinder:142 - checkFontfile found C:\Windows\FONTS\GenBkBasR.ttf
2022-12-07 13:48:40,919 DEBUG [main] FontFileFinder:136 - checkFontfile check C:\Windows\FONTS\georgia.ttf
2022-12-07 13:48:40,919 DEBUG [main] FontFileFinder:142 - checkFontfile found C:\Windows\FONTS\georgia.ttf
2022-12-07 13:48:40,919 DEBUG [main] FontFileFinder:136 - checkFontfile check C:\Windows\FONTS\georgiab.ttf
2022-12-07 13:48:40,919 DEBUG [main] FontFileFinder:142 - checkFontfile found C:\Windows\FONTS\georgiab.ttf
2022-12-07 13:48:40,920 DEBUG [main] FontFileFinder:136 - checkFontfile check C:\Windows\FONTS\georgiai.ttf
2022-12-07 13:48:40,920 DEBUG [main] FontFileFinder:142 - checkFontfile found C:\Windows\FONTS\georgiai.ttf
2022-12-07 13:48:40,920 DEBUG [main] FontFileFinder:136 - checkFontfile check C:\Windows\FONTS\georgiaz.ttf
2022-12-07 13:48:40,920 DEBUG [main] FontFileFinder:142 - checkFontfile found C:\Windows\FONTS\georgiaz.ttf
2022-12-07 13:48:40,921 DEBUG [main] FontFileFinder:136 - checkFontfile check C:\Windows\FONTS\GlobalMonospace.CompositeFont
2022-12-07 13:48:40,921 DEBUG [main] FontFileFinder:136 - checkFontfile check C:\Windows\FONTS\GlobalSansSerif.CompositeFont
2022-12-07 13:48:40,922 DEBUG [main] FontFileFinder:136 - checkFontfile check C:\Windows\FONTS\GlobalSerif.CompositeFont
2022-12-07 13:48:40,922 DEBUG [main] FontFileFinder:136 - checkFontfile check C:\Windows\FONTS\GlobalUserInterface.CompositeFont
2022-12-07 13:48:40,923 DEBUG [main] FontFileFinder:136 - checkFontfile check C:\Windows\FONTS\h8514fix.fon
2022-12-07 13:48:40,923 DEBUG [main] FontFileFinder:136 - checkFontfile check C:\Windows\FONTS\h8514oem.fon
2022-12-07 13:48:40,924 DEBUG [main] FontFileFinder:136 - checkFontfile check C:\Windows\FONTS\h8514sys.fon
2022-12-07 13:48:40,924 DEBUG [main] FontFileFinder:136 - checkFontfile check C:\Windows\FONTS\himalaya.ttf
2022-12-07 13:48:40,925 DEBUG [main] FontFileFinder:142 - checkFontfile found C:\Windows\FONTS\himalaya.ttf
2022-12-07 13:48:40,926 DEBUG [main] FontFileFinder:136 - checkFontfile check C:\Windows\FONTS\holomdl2.ttf
2022-12-07 13:48:40,927 DEBUG [main] FontFileFinder:142 - checkFontfile found C:\Windows\FONTS\holomdl2.ttf
2022-12-07 13:48:40,928 DEBUG [main] FontFileFinder:136 - checkFontfile check C:\Windows\FONTS\hvgafix.fon
2022-12-07 13:48:40,929 DEBUG [main] FontFileFinder:136 - checkFontfile check C:\Windows\FONTS\hvgasys.fon
2022-12-07 13:48:40,930 DEBUG [main] FontFileFinder:136 - checkFontfile check C:\Windows\FONTS\impact.ttf
2022-12-07 13:48:40,931 DEBUG [main] FontFileFinder:142 - checkFontfile found C:\Windows\FONTS\impact.ttf
2022-12-07 13:48:40,931 DEBUG [main] FontFileFinder:136 - checkFontfile check C:\Windows\FONTS\Inkfree.ttf
2022-12-07 13:48:40,931 DEBUG [main] FontFileFinder:142 - checkFontfile found C:\Windows\FONTS\Inkfree.ttf
2022-12-07 13:48:40,933 DEBUG [main] FontFileFinder:136 - checkFontfile check C:\Windows\FONTS\j8514fix.fon
2022-12-07 13:48:40,933 DEBUG [main] FontFileFinder:136 - checkFontfile check C:\Windows\FONTS\j8514oem.fon
2022-12-07 13:48:40,934 DEBUG [main] FontFileFinder:136 - checkFontfile check C:\Windows\FONTS\j8514sys.fon
2022-12-07 13:48:40,936 DEBUG [main] FontFileFinder:136 - checkFontfile check C:\Windows\FONTS\javatext.ttf
2022-12-07 13:48:40,938 DEBUG [main] FontFileFinder:142 - checkFontfile found C:\Windows\FONTS\javatext.ttf
2022-12-07 13:48:40,938 DEBUG [main] FontFileFinder:136 - checkFontfile check C:\Windows\FONTS\jsmalle.fon
2022-12-07 13:48:40,941 DEBUG [main] FontFileFinder:136 - checkFontfile check C:\Windows\FONTS\jsmallf.fon
2022-12-07 13:48:40,942 DEBUG [main] FontFileFinder:136 - checkFontfile check C:\Windows\FONTS\jvgafix.fon
2022-12-07 13:48:40,943 DEBUG [main] FontFileFinder:136 - checkFontfile check C:\Windows\FONTS\jvgasys.fon
2022-12-07 13:48:40,943 DEBUG [main] FontFileFinder:136 - checkFontfile check C:\Windows\FONTS\LeelaUIb.ttf
2022-12-07 13:48:40,944 DEBUG [main] FontFileFinder:142 - checkFontfile found C:\Windows\FONTS\LeelaUIb.ttf
2022-12-07 13:48:40,944 DEBUG [main] FontFileFinder:136 - checkFontfile check C:\Windows\FONTS\LeelawUI.ttf
2022-12-07 13:48:40,944 DEBUG [main] FontFileFinder:142 - checkFontfile found C:\Windows\FONTS\LeelawUI.ttf
2022-12-07 13:48:40,945 DEBUG [main] FontFileFinder:136 - checkFontfile check C:\Windows\FONTS\LeelUIsl.ttf
2022-12-07 13:48:40,945 DEBUG [main] FontFileFinder:142 - checkFontfile found C:\Windows\FONTS\LeelUIsl.ttf
2022-12-07 13:48:40,947 DEBUG [main] FontFileFinder:136 - checkFontfile check C:\Windows\FONTS\lucon.ttf
2022-12-07 13:48:40,947 DEBUG [main] FontFileFinder:142 - checkFontfile found C:\Windows\FONTS\lucon.ttf
2022-12-07 13:48:40,947 DEBUG [main] FontFileFinder:136 - checkFontfile check C:\Windows\FONTS\l_10646.ttf
2022-12-07 13:48:40,947 DEBUG [main] FontFileFinder:142 - checkFontfile found C:\Windows\FONTS\l_10646.ttf
2022-12-07 13:48:40,948 DEBUG [main] FontFileFinder:136 - checkFontfile check C:\Windows\FONTS\malgun.ttf
2022-12-07 13:48:40,948 DEBUG [main] FontFileFinder:142 - checkFontfile found C:\Windows\FONTS\malgun.ttf
2022-12-07 13:48:40,948 DEBUG [main] FontFileFinder:136 - checkFontfile check C:\Windows\FONTS\malgunbd.ttf
2022-12-07 13:48:40,948 DEBUG [main] FontFileFinder:142 - checkFontfile found C:\Windows\FONTS\malgunbd.ttf
2022-12-07 13:48:40,949 DEBUG [main] FontFileFinder:136 - checkFontfile check C:\Windows\FONTS\malgunsl.ttf
2022-12-07 13:48:40,949 DEBUG [main] FontFileFinder:142 - checkFontfile found C:\Windows\FONTS\malgunsl.ttf
2022-12-07 13:48:40,949 DEBUG [main] FontFileFinder:136 - checkFontfile check C:\Windows\FONTS\marlett.ttf
2022-12-07 13:48:40,950 DEBUG [main] FontFileFinder:142 - checkFontfile found C:\Windows\FONTS\marlett.ttf
2022-12-07 13:48:40,950 DEBUG [main] FontFileFinder:136 - checkFontfile check C:\Windows\FONTS\micross.ttf
2022-12-07 13:48:40,950 DEBUG [main] FontFileFinder:142 - checkFontfile found C:\Windows\FONTS\micross.ttf
2022-12-07 13:48:40,952 DEBUG [main] FontFileFinder:136 - checkFontfile check C:\Windows\FONTS\mingliub.ttc
2022-12-07 13:48:40,952 DEBUG [main] FontFileFinder:142 - checkFontfile found C:\Windows\FONTS\mingliub.ttc
2022-12-07 13:48:40,953 DEBUG [main] FontFileFinder:136 - checkFontfile check C:\Windows\FONTS\mmrtext.ttf
2022-12-07 13:48:40,953 DEBUG [main] FontFileFinder:142 - checkFontfile found C:\Windows\FONTS\mmrtext.ttf
2022-12-07 13:48:40,953 DEBUG [main] FontFileFinder:136 - checkFontfile check C:\Windows\FONTS\mmrtextb.ttf
2022-12-07 13:48:40,954 DEBUG [main] FontFileFinder:142 - checkFontfile found C:\Windows\FONTS\mmrtextb.ttf
2022-12-07 13:48:40,954 DEBUG [main] FontFileFinder:136 - checkFontfile check C:\Windows\FONTS\modern.fon
2022-12-07 13:48:40,954 DEBUG [main] FontFileFinder:136 - checkFontfile check C:\Windows\FONTS\monbaiti.ttf
2022-12-07 13:48:40,954 DEBUG [main] FontFileFinder:142 - checkFontfile found C:\Windows\FONTS\monbaiti.ttf
2022-12-07 13:48:40,955 DEBUG [main] FontFileFinder:136 - checkFontfile check C:\Windows\FONTS\msgothic.ttc
2022-12-07 13:48:40,955 DEBUG [main] FontFileFinder:142 - checkFontfile found C:\Windows\FONTS\msgothic.ttc
2022-12-07 13:48:40,955 DEBUG [main] FontFileFinder:136 - checkFontfile check C:\Windows\FONTS\msjh.ttc
2022-12-07 13:48:40,956 DEBUG [main] FontFileFinder:142 - checkFontfile found C:\Windows\FONTS\msjh.ttc
2022-12-07 13:48:40,956 DEBUG [main] FontFileFinder:136 - checkFontfile check C:\Windows\FONTS\msjhbd.ttc
2022-12-07 13:48:40,957 DEBUG [main] FontFileFinder:142 - checkFontfile found C:\Windows\FONTS\msjhbd.ttc
2022-12-07 13:48:40,957 DEBUG [main] FontFileFinder:136 - checkFontfile check C:\Windows\FONTS\msjhl.ttc
2022-12-07 13:48:40,957 DEBUG [main] FontFileFinder:142 - checkFontfile found C:\Windows\FONTS\msjhl.ttc
2022-12-07 13:48:40,958 DEBUG [main] FontFileFinder:136 - checkFontfile check C:\Windows\FONTS\msyh.ttc
2022-12-07 13:48:40,958 DEBUG [main] FontFileFinder:142 - checkFontfile found C:\Windows\FONTS\msyh.ttc
2022-12-07 13:48:40,958 DEBUG [main] FontFileFinder:136 - checkFontfile check C:\Windows\FONTS\msyhbd.ttc
2022-12-07 13:48:40,959 DEBUG [main] FontFileFinder:142 - checkFontfile found C:\Windows\FONTS\msyhbd.ttc
2022-12-07 13:48:40,959 DEBUG [main] FontFileFinder:136 - checkFontfile check C:\Windows\FONTS\msyhl.ttc
2022-12-07 13:48:40,959 DEBUG [main] FontFileFinder:142 - checkFontfile found C:\Windows\FONTS\msyhl.ttc
2022-12-07 13:48:40,960 DEBUG [main] FontFileFinder:136 - checkFontfile check C:\Windows\FONTS\msyi.ttf
2022-12-07 13:48:40,960 DEBUG [main] FontFileFinder:142 - checkFontfile found C:\Windows\FONTS\msyi.ttf
2022-12-07 13:48:40,961 DEBUG [main] FontFileFinder:136 - checkFontfile check C:\Windows\FONTS\mvboli.ttf
2022-12-07 13:48:40,961 DEBUG [main] FontFileFinder:142 - checkFontfile found C:\Windows\FONTS\mvboli.ttf
2022-12-07 13:48:40,962 DEBUG [main] FontFileFinder:136 - checkFontfile check C:\Windows\FONTS\Nirmala.ttf
2022-12-07 13:48:40,962 DEBUG [main] FontFileFinder:142 - checkFontfile found C:\Windows\FONTS\Nirmala.ttf
2022-12-07 13:48:40,962 DEBUG [main] FontFileFinder:136 - checkFontfile check C:\Windows\FONTS\NirmalaB.ttf
2022-12-07 13:48:40,963 DEBUG [main] FontFileFinder:142 - checkFontfile found C:\Windows\FONTS\NirmalaB.ttf
2022-12-07 13:48:40,963 DEBUG [main] FontFileFinder:136 - checkFontfile check C:\Windows\FONTS\NirmalaS.ttf
2022-12-07 13:48:40,963 DEBUG [main] FontFileFinder:142 - checkFontfile found C:\Windows\FONTS\NirmalaS.ttf
2022-12-07 13:48:40,964 DEBUG [main] FontFileFinder:136 - checkFontfile check C:\Windows\FONTS\ntailu.ttf
2022-12-07 13:48:40,964 DEBUG [main] FontFileFinder:142 - checkFontfile found C:\Windows\FONTS\ntailu.ttf
2022-12-07 13:48:40,964 DEBUG [main] FontFileFinder:136 - checkFontfile check C:\Windows\FONTS\ntailub.ttf
2022-12-07 13:48:40,964 DEBUG [main] FontFileFinder:142 - checkFontfile found C:\Windows\FONTS\ntailub.ttf
2022-12-07 13:48:40,965 DEBUG [main] FontFileFinder:136 - checkFontfile check C:\Windows\FONTS\opens___.ttf
2022-12-07 13:48:40,965 DEBUG [main] FontFileFinder:142 - checkFontfile found C:\Windows\FONTS\opens___.ttf
2022-12-07 13:48:40,966 DEBUG [main] FontFileFinder:136 - checkFontfile check C:\Windows\FONTS\pala.ttf
2022-12-07 13:48:40,966 DEBUG [main] FontFileFinder:142 - checkFontfile found C:\Windows\FONTS\pala.ttf
2022-12-07 13:48:40,966 DEBUG [main] FontFileFinder:136 - checkFontfile check C:\Windows\FONTS\palab.ttf
2022-12-07 13:48:40,966 DEBUG [main] FontFileFinder:142 - checkFontfile found C:\Windows\FONTS\palab.ttf
2022-12-07 13:48:40,967 DEBUG [main] FontFileFinder:136 - checkFontfile check C:\Windows\FONTS\palabi.ttf
2022-12-07 13:48:40,967 DEBUG [main] FontFileFinder:142 - checkFontfile found C:\Windows\FONTS\palabi.ttf
2022-12-07 13:48:40,967 DEBUG [main] FontFileFinder:136 - checkFontfile check C:\Windows\FONTS\palai.ttf
2022-12-07 13:48:40,968 DEBUG [main] FontFileFinder:142 - checkFontfile found C:\Windows\FONTS\palai.ttf
2022-12-07 13:48:40,968 DEBUG [main] FontFileFinder:136 - checkFontfile check C:\Windows\FONTS\phagspa.ttf
2022-12-07 13:48:40,968 DEBUG [main] FontFileFinder:142 - checkFontfile found C:\Windows\FONTS\phagspa.ttf
2022-12-07 13:48:40,969 DEBUG [main] FontFileFinder:136 - checkFontfile check C:\Windows\FONTS\phagspab.ttf
2022-12-07 13:48:40,970 DEBUG [main] FontFileFinder:142 - checkFontfile found C:\Windows\FONTS\phagspab.ttf
2022-12-07 13:48:40,971 DEBUG [main] FontFileFinder:136 - checkFontfile check C:\Windows\FONTS\roman.fon
2022-12-07 13:48:40,972 DEBUG [main] FontFileFinder:136 - checkFontfile check C:\Windows\FONTS\s8514fix.fon
2022-12-07 13:48:40,972 DEBUG [main] FontFileFinder:136 - checkFontfile check C:\Windows\FONTS\s8514oem.fon
2022-12-07 13:48:40,972 DEBUG [main] FontFileFinder:136 - checkFontfile check C:\Windows\FONTS\s8514sys.fon
2022-12-07 13:48:40,972 DEBUG [main] FontFileFinder:136 - checkFontfile check C:\Windows\FONTS\script.fon
2022-12-07 13:48:40,973 DEBUG [main] FontFileFinder:136 - checkFontfile check C:\Windows\FONTS\segmdl2.ttf
2022-12-07 13:48:40,974 DEBUG [main] FontFileFinder:142 - checkFontfile found C:\Windows\FONTS\segmdl2.ttf
2022-12-07 13:48:40,975 DEBUG [main] FontFileFinder:136 - checkFontfile check C:\Windows\FONTS\segoepr.ttf
2022-12-07 13:48:40,975 DEBUG [main] FontFileFinder:142 - checkFontfile found C:\Windows\FONTS\segoepr.ttf
2022-12-07 13:48:40,977 DEBUG [main] FontFileFinder:136 - checkFontfile check C:\Windows\FONTS\segoeprb.ttf
2022-12-07 13:48:40,978 DEBUG [main] FontFileFinder:142 - checkFontfile found C:\Windows\FONTS\segoeprb.ttf
2022-12-07 13:48:40,979 DEBUG [main] FontFileFinder:136 - checkFontfile check C:\Windows\FONTS\segoesc.ttf
2022-12-07 13:48:40,985 DEBUG [main] FontFileFinder:142 - checkFontfile found C:\Windows\FONTS\segoesc.ttf
2022-12-07 13:48:40,986 DEBUG [main] FontFileFinder:136 - checkFontfile check C:\Windows\FONTS\segoescb.ttf
2022-12-07 13:48:40,986 DEBUG [main] FontFileFinder:142 - checkFontfile found C:\Windows\FONTS\segoescb.ttf
2022-12-07 13:48:40,987 DEBUG [main] FontFileFinder:136 - checkFontfile check C:\Windows\FONTS\segoeui.ttf
2022-12-07 13:48:40,987 DEBUG [main] FontFileFinder:142 - checkFontfile found C:\Windows\FONTS\segoeui.ttf
2022-12-07 13:48:40,988 DEBUG [main] FontFileFinder:136 - checkFontfile check C:\Windows\FONTS\segoeuib.ttf
2022-12-07 13:48:40,988 DEBUG [main] FontFileFinder:142 - checkFontfile found C:\Windows\FONTS\segoeuib.ttf
2022-12-07 13:48:40,988 DEBUG [main] FontFileFinder:136 - checkFontfile check C:\Windows\FONTS\segoeuii.ttf
2022-12-07 13:48:40,988 DEBUG [main] FontFileFinder:142 - checkFontfile found C:\Windows\FONTS\segoeuii.ttf
2022-12-07 13:48:40,989 DEBUG [main] FontFileFinder:136 - checkFontfile check C:\Windows\FONTS\segoeuil.ttf
2022-12-07 13:48:40,990 DEBUG [main] FontFileFinder:142 - checkFontfile found C:\Windows\FONTS\segoeuil.ttf
2022-12-07 13:48:40,990 DEBUG [main] FontFileFinder:136 - checkFontfile check C:\Windows\FONTS\segoeuisl.ttf
2022-12-07 13:48:40,991 DEBUG [main] FontFileFinder:142 - checkFontfile found C:\Windows\FONTS\segoeuisl.ttf
2022-12-07 13:48:40,991 DEBUG [main] FontFileFinder:136 - checkFontfile check C:\Windows\FONTS\segoeuiz.ttf
2022-12-07 13:48:40,991 DEBUG [main] FontFileFinder:142 - checkFontfile found C:\Windows\FONTS\segoeuiz.ttf
2022-12-07 13:48:40,992 DEBUG [main] FontFileFinder:136 - checkFontfile check C:\Windows\FONTS\seguibl.ttf
2022-12-07 13:48:40,992 DEBUG [main] FontFileFinder:142 - checkFontfile found C:\Windows\FONTS\seguibl.ttf
2022-12-07 13:48:40,992 DEBUG [main] FontFileFinder:136 - checkFontfile check C:\Windows\FONTS\seguibli.ttf
2022-12-07 13:48:40,992 DEBUG [main] FontFileFinder:142 - checkFontfile found C:\Windows\FONTS\seguibli.ttf
2022-12-07 13:48:40,992 DEBUG [main] FontFileFinder:136 - checkFontfile check C:\Windows\FONTS\seguiemj.ttf
2022-12-07 13:48:40,992 DEBUG [main] FontFileFinder:142 - checkFontfile found C:\Windows\FONTS\seguiemj.ttf
2022-12-07 13:48:40,992 DEBUG [main] FontFileFinder:136 - checkFontfile check C:\Windows\FONTS\seguihis.ttf
2022-12-07 13:48:40,992 DEBUG [main] FontFileFinder:142 - checkFontfile found C:\Windows\FONTS\seguihis.ttf
2022-12-07 13:48:40,993 DEBUG [main] FontFileFinder:136 - checkFontfile check C:\Windows\FONTS\seguili.ttf
2022-12-07 13:48:40,993 DEBUG [main] FontFileFinder:142 - checkFontfile found C:\Windows\FONTS\seguili.ttf
2022-12-07 13:48:40,993 DEBUG [main] FontFileFinder:136 - checkFontfile check C:\Windows\FONTS\seguisb.ttf
2022-12-07 13:48:40,994 DEBUG [main] FontFileFinder:142 - checkFontfile found C:\Windows\FONTS\seguisb.ttf
2022-12-07 13:48:40,994 DEBUG [main] FontFileFinder:136 - checkFontfile check C:\Windows\FONTS\seguisbi.ttf
2022-12-07 13:48:40,994 DEBUG [main] FontFileFinder:142 - checkFontfile found C:\Windows\FONTS\seguisbi.ttf
2022-12-07 13:48:40,995 DEBUG [main] FontFileFinder:136 - checkFontfile check C:\Windows\FONTS\seguisli.ttf
2022-12-07 13:48:40,995 DEBUG [main] FontFileFinder:142 - checkFontfile found C:\Windows\FONTS\seguisli.ttf
2022-12-07 13:48:40,996 DEBUG [main] FontFileFinder:136 - checkFontfile check C:\Windows\FONTS\seguisym.ttf
2022-12-07 13:48:40,997 DEBUG [main] FontFileFinder:142 - checkFontfile found C:\Windows\FONTS\seguisym.ttf
2022-12-07 13:48:40,998 DEBUG [main] FontFileFinder:136 - checkFontfile check C:\Windows\FONTS\sere1255.fon
2022-12-07 13:48:40,999 DEBUG [main] FontFileFinder:136 - checkFontfile check C:\Windows\FONTS\sere1256.fon
2022-12-07 13:48:40,999 DEBUG [main] FontFileFinder:136 - checkFontfile check C:\Windows\FONTS\sere1257.fon
2022-12-07 13:48:40,999 DEBUG [main] FontFileFinder:136 - checkFontfile check C:\Windows\FONTS\serf1255.fon
2022-12-07 13:48:41,000 DEBUG [main] FontFileFinder:136 - checkFontfile check C:\Windows\FONTS\serf1256.fon
2022-12-07 13:48:41,001 DEBUG [main] FontFileFinder:136 - checkFontfile check C:\Windows\FONTS\serf1257.fon
2022-12-07 13:48:41,001 DEBUG [main] FontFileFinder:136 - checkFontfile check C:\Windows\FONTS\serife.fon
2022-12-07 13:48:41,002 DEBUG [main] FontFileFinder:136 - checkFontfile check C:\Windows\FONTS\serifee.fon
2022-12-07 13:48:41,003 DEBUG [main] FontFileFinder:136 - checkFontfile check C:\Windows\FONTS\serifeg.fon
2022-12-07 13:48:41,003 DEBUG [main] FontFileFinder:136 - checkFontfile check C:\Windows\FONTS\serifer.fon
2022-12-07 13:48:41,004 DEBUG [main] FontFileFinder:136 - checkFontfile check C:\Windows\FONTS\serifet.fon
2022-12-07 13:48:41,004 DEBUG [main] FontFileFinder:136 - checkFontfile check C:\Windows\FONTS\seriff.fon
2022-12-07 13:48:41,005 DEBUG [main] FontFileFinder:136 - checkFontfile check C:\Windows\FONTS\seriffe.fon
2022-12-07 13:48:41,006 DEBUG [main] FontFileFinder:136 - checkFontfile check C:\Windows\FONTS\seriffg.fon
2022-12-07 13:48:41,007 DEBUG [main] FontFileFinder:136 - checkFontfile check C:\Windows\FONTS\seriffr.fon
2022-12-07 13:48:41,007 DEBUG [main] FontFileFinder:136 - checkFontfile check C:\Windows\FONTS\serifft.fon
2022-12-07 13:48:41,007 DEBUG [main] FontFileFinder:136 - checkFontfile check C:\Windows\FONTS\simsun.ttc
2022-12-07 13:48:41,008 DEBUG [main] FontFileFinder:142 - checkFontfile found C:\Windows\FONTS\simsun.ttc
2022-12-07 13:48:41,009 DEBUG [main] FontFileFinder:136 - checkFontfile check C:\Windows\FONTS\simsunb.ttf
2022-12-07 13:48:41,009 DEBUG [main] FontFileFinder:142 - checkFontfile found C:\Windows\FONTS\simsunb.ttf
2022-12-07 13:48:41,010 DEBUG [main] FontFileFinder:136 - checkFontfile check C:\Windows\FONTS\Sitka.ttc
2022-12-07 13:48:41,011 DEBUG [main] FontFileFinder:142 - checkFontfile found C:\Windows\FONTS\Sitka.ttc
2022-12-07 13:48:41,012 DEBUG [main] FontFileFinder:136 - checkFontfile check C:\Windows\FONTS\SitkaB.ttc
2022-12-07 13:48:41,012 DEBUG [main] FontFileFinder:142 - checkFontfile found C:\Windows\FONTS\SitkaB.ttc
2022-12-07 13:48:41,020 DEBUG [main] FontFileFinder:136 - checkFontfile check C:\Windows\FONTS\SitkaI.ttc
2022-12-07 13:48:41,020 DEBUG [main] FontFileFinder:142 - checkFontfile found C:\Windows\FONTS\SitkaI.ttc
2022-12-07 13:48:41,021 DEBUG [main] FontFileFinder:136 - checkFontfile check C:\Windows\FONTS\SitkaZ.ttc
2022-12-07 13:48:41,022 DEBUG [main] FontFileFinder:142 - checkFontfile found C:\Windows\FONTS\SitkaZ.ttc
2022-12-07 13:48:41,022 DEBUG [main] FontFileFinder:136 - checkFontfile check C:\Windows\FONTS\smae1255.fon
2022-12-07 13:48:41,022 DEBUG [main] FontFileFinder:136 - checkFontfile check C:\Windows\FONTS\smae1256.fon
2022-12-07 13:48:41,023 DEBUG [main] FontFileFinder:136 - checkFontfile check C:\Windows\FONTS\smae1257.fon
2022-12-07 13:48:41,024 DEBUG [main] FontFileFinder:136 - checkFontfile check C:\Windows\FONTS\smaf1255.fon
2022-12-07 13:48:41,025 DEBUG [main] FontFileFinder:136 - checkFontfile check C:\Windows\FONTS\smaf1256.fon
2022-12-07 13:48:41,026 DEBUG [main] FontFileFinder:136 - checkFontfile check C:\Windows\FONTS\smaf1257.fon
2022-12-07 13:48:41,028 DEBUG [main] FontFileFinder:136 - checkFontfile check C:\Windows\FONTS\smalle.fon
2022-12-07 13:48:41,029 DEBUG [main] FontFileFinder:136 - checkFontfile check C:\Windows\FONTS\smallee.fon
2022-12-07 13:48:41,029 DEBUG [main] FontFileFinder:136 - checkFontfile check C:\Windows\FONTS\smalleg.fon
2022-12-07 13:48:41,030 DEBUG [main] FontFileFinder:136 - checkFontfile check C:\Windows\FONTS\smaller.fon
2022-12-07 13:48:41,030 DEBUG [main] FontFileFinder:136 - checkFontfile check C:\Windows\FONTS\smallet.fon
2022-12-07 13:48:41,030 DEBUG [main] FontFileFinder:136 - checkFontfile check C:\Windows\FONTS\smallf.fon
2022-12-07 13:48:41,030 DEBUG [main] FontFileFinder:136 - checkFontfile check C:\Windows\FONTS\smallfe.fon
2022-12-07 13:48:41,031 DEBUG [main] FontFileFinder:136 - checkFontfile check C:\Windows\FONTS\smallfg.fon
2022-12-07 13:48:41,031 DEBUG [main] FontFileFinder:136 - checkFontfile check C:\Windows\FONTS\smallfr.fon
2022-12-07 13:48:41,031 DEBUG [main] FontFileFinder:136 - checkFontfile check C:\Windows\FONTS\smallft.fon
2022-12-07 13:48:41,031 DEBUG [main] FontFileFinder:136 - checkFontfile check C:\Windows\FONTS\ssee1255.fon
2022-12-07 13:48:41,032 DEBUG [main] FontFileFinder:136 - checkFontfile check C:\Windows\FONTS\ssee1256.fon
2022-12-07 13:48:41,032 DEBUG [main] FontFileFinder:136 - checkFontfile check C:\Windows\FONTS\ssee1257.fon
2022-12-07 13:48:41,032 DEBUG [main] FontFileFinder:136 - checkFontfile check C:\Windows\FONTS\ssee874.fon
2022-12-07 13:48:41,032 DEBUG [main] FontFileFinder:136 - checkFontfile check C:\Windows\FONTS\ssef1255.fon
2022-12-07 13:48:41,033 DEBUG [main] FontFileFinder:136 - checkFontfile check C:\Windows\FONTS\ssef1256.fon
2022-12-07 13:48:41,033 DEBUG [main] FontFileFinder:136 - checkFontfile check C:\Windows\FONTS\ssef1257.fon
2022-12-07 13:48:41,033 DEBUG [main] FontFileFinder:136 - checkFontfile check C:\Windows\FONTS\ssef874.fon
2022-12-07 13:48:41,033 DEBUG [main] FontFileFinder:136 - checkFontfile check C:\Windows\FONTS\sserife.fon
2022-12-07 13:48:41,034 DEBUG [main] FontFileFinder:136 - checkFontfile check C:\Windows\FONTS\sserifee.fon
2022-12-07 13:48:41,034 DEBUG [main] FontFileFinder:136 - checkFontfile check C:\Windows\FONTS\sserifeg.fon
2022-12-07 13:48:41,034 DEBUG [main] FontFileFinder:136 - checkFontfile check C:\Windows\FONTS\sserifer.fon
2022-12-07 13:48:41,035 DEBUG [main] FontFileFinder:136 - checkFontfile check C:\Windows\FONTS\sserifet.fon
2022-12-07 13:48:41,036 DEBUG [main] FontFileFinder:136 - checkFontfile check C:\Windows\FONTS\sseriff.fon
2022-12-07 13:48:41,037 DEBUG [main] FontFileFinder:136 - checkFontfile check C:\Windows\FONTS\sseriffe.fon
2022-12-07 13:48:41,037 DEBUG [main] FontFileFinder:136 - checkFontfile check C:\Windows\FONTS\sseriffg.fon
2022-12-07 13:48:41,037 DEBUG [main] FontFileFinder:136 - checkFontfile check C:\Windows\FONTS\sseriffr.fon
2022-12-07 13:48:41,037 DEBUG [main] FontFileFinder:136 - checkFontfile check C:\Windows\FONTS\sserifft.fon
2022-12-07 13:48:41,037 DEBUG [main] FontFileFinder:136 - checkFontfile check C:\Windows\FONTS\StaticCache.dat
2022-12-07 13:48:41,038 DEBUG [main] FontFileFinder:136 - checkFontfile check C:\Windows\FONTS\svgafix.fon
2022-12-07 13:48:41,039 DEBUG [main] FontFileFinder:136 - checkFontfile check C:\Windows\FONTS\svgasys.fon
2022-12-07 13:48:41,039 DEBUG [main] FontFileFinder:136 - checkFontfile check C:\Windows\FONTS\sylfaen.ttf
2022-12-07 13:48:41,039 DEBUG [main] FontFileFinder:142 - checkFontfile found C:\Windows\FONTS\sylfaen.ttf
2022-12-07 13:48:41,039 DEBUG [main] FontFileFinder:136 - checkFontfile check C:\Windows\FONTS\symbol.ttf
2022-12-07 13:48:41,039 DEBUG [main] FontFileFinder:142 - checkFontfile found C:\Windows\FONTS\symbol.ttf
2022-12-07 13:48:41,040 DEBUG [main] FontFileFinder:136 - checkFontfile check C:\Windows\FONTS\tahoma.ttf
2022-12-07 13:48:41,040 DEBUG [main] FontFileFinder:142 - checkFontfile found C:\Windows\FONTS\tahoma.ttf
2022-12-07 13:48:41,040 DEBUG [main] FontFileFinder:136 - checkFontfile check C:\Windows\FONTS\tahomabd.ttf
2022-12-07 13:48:41,053 DEBUG [main] FontFileFinder:142 - checkFontfile found C:\Windows\FONTS\tahomabd.ttf
2022-12-07 13:48:41,054 DEBUG [main] FontFileFinder:136 - checkFontfile check C:\Windows\FONTS\taile.ttf
2022-12-07 13:48:41,055 DEBUG [main] FontFileFinder:142 - checkFontfile found C:\Windows\FONTS\taile.ttf
2022-12-07 13:48:41,056 DEBUG [main] FontFileFinder:136 - checkFontfile check C:\Windows\FONTS\taileb.ttf
2022-12-07 13:48:41,056 DEBUG [main] FontFileFinder:142 - checkFontfile found C:\Windows\FONTS\taileb.ttf
2022-12-07 13:48:41,057 DEBUG [main] FontFileFinder:136 - checkFontfile check C:\Windows\FONTS\times.ttf
2022-12-07 13:48:41,057 DEBUG [main] FontFileFinder:142 - checkFontfile found C:\Windows\FONTS\times.ttf
2022-12-07 13:48:41,058 DEBUG [main] FontFileFinder:136 - checkFontfile check C:\Windows\FONTS\timesbd.ttf
2022-12-07 13:48:41,058 DEBUG [main] FontFileFinder:142 - checkFontfile found C:\Windows\FONTS\timesbd.ttf
2022-12-07 13:48:41,058 DEBUG [main] FontFileFinder:136 - checkFontfile check C:\Windows\FONTS\timesbi.ttf
2022-12-07 13:48:41,058 DEBUG [main] FontFileFinder:142 - checkFontfile found C:\Windows\FONTS\timesbi.ttf
2022-12-07 13:48:41,059 DEBUG [main] FontFileFinder:136 - checkFontfile check C:\Windows\FONTS\timesi.ttf
2022-12-07 13:48:41,059 DEBUG [main] FontFileFinder:142 - checkFontfile found C:\Windows\FONTS\timesi.ttf
2022-12-07 13:48:41,061 DEBUG [main] FontFileFinder:136 - checkFontfile check C:\Windows\FONTS\trebuc.ttf
2022-12-07 13:48:41,061 DEBUG [main] FontFileFinder:142 - checkFontfile found C:\Windows\FONTS\trebuc.ttf
2022-12-07 13:48:41,061 DEBUG [main] FontFileFinder:136 - checkFontfile check C:\Windows\FONTS\trebucbd.ttf
2022-12-07 13:48:41,062 DEBUG [main] FontFileFinder:142 - checkFontfile found C:\Windows\FONTS\trebucbd.ttf
2022-12-07 13:48:41,062 DEBUG [main] FontFileFinder:136 - checkFontfile check C:\Windows\FONTS\trebucbi.ttf
2022-12-07 13:48:41,063 DEBUG [main] FontFileFinder:142 - checkFontfile found C:\Windows\FONTS\trebucbi.ttf
2022-12-07 13:48:41,063 DEBUG [main] FontFileFinder:136 - checkFontfile check C:\Windows\FONTS\trebucit.ttf
2022-12-07 13:48:41,063 DEBUG [main] FontFileFinder:142 - checkFontfile found C:\Windows\FONTS\trebucit.ttf
2022-12-07 13:48:41,064 DEBUG [main] FontFileFinder:136 - checkFontfile check C:\Windows\FONTS\verdana.ttf
2022-12-07 13:48:41,064 DEBUG [main] FontFileFinder:142 - checkFontfile found C:\Windows\FONTS\verdana.ttf
2022-12-07 13:48:41,065 DEBUG [main] FontFileFinder:136 - checkFontfile check C:\Windows\FONTS\verdanab.ttf
2022-12-07 13:48:41,065 DEBUG [main] FontFileFinder:142 - checkFontfile found C:\Windows\FONTS\verdanab.ttf
2022-12-07 13:48:41,067 DEBUG [main] FontFileFinder:136 - checkFontfile check C:\Windows\FONTS\verdanai.ttf
2022-12-07 13:48:41,067 DEBUG [main] FontFileFinder:142 - checkFontfile found C:\Windows\FONTS\verdanai.ttf
2022-12-07 13:48:41,069 DEBUG [main] FontFileFinder:136 - checkFontfile check C:\Windows\FONTS\verdanaz.ttf
2022-12-07 13:48:41,070 DEBUG [main] FontFileFinder:142 - checkFontfile found C:\Windows\FONTS\verdanaz.ttf
2022-12-07 13:48:41,072 DEBUG [main] FontFileFinder:136 - checkFontfile check C:\Windows\FONTS\vga737.fon
2022-12-07 13:48:41,073 DEBUG [main] FontFileFinder:136 - checkFontfile check C:\Windows\FONTS\vga775.fon
2022-12-07 13:48:41,073 DEBUG [main] FontFileFinder:136 - checkFontfile check C:\Windows\FONTS\vga850.fon
2022-12-07 13:48:41,074 DEBUG [main] FontFileFinder:136 - checkFontfile check C:\Windows\FONTS\vga852.fon
2022-12-07 13:48:41,074 DEBUG [main] FontFileFinder:136 - checkFontfile check C:\Windows\FONTS\vga855.fon
2022-12-07 13:48:41,074 DEBUG [main] FontFileFinder:136 - checkFontfile check C:\Windows\FONTS\vga857.fon
2022-12-07 13:48:41,075 DEBUG [main] FontFileFinder:136 - checkFontfile check C:\Windows\FONTS\vga860.fon
2022-12-07 13:48:41,076 DEBUG [main] FontFileFinder:136 - checkFontfile check C:\Windows\FONTS\vga861.fon
2022-12-07 13:48:41,076 DEBUG [main] FontFileFinder:136 - checkFontfile check C:\Windows\FONTS\vga863.fon
2022-12-07 13:48:41,077 DEBUG [main] FontFileFinder:136 - checkFontfile check C:\Windows\FONTS\vga865.fon
2022-12-07 13:48:41,077 DEBUG [main] FontFileFinder:136 - checkFontfile check C:\Windows\FONTS\vga866.fon
2022-12-07 13:48:41,078 DEBUG [main] FontFileFinder:136 - checkFontfile check C:\Windows\FONTS\vga869.fon
2022-12-07 13:48:41,079 DEBUG [main] FontFileFinder:136 - checkFontfile check C:\Windows\FONTS\vga932.fon
2022-12-07 13:48:41,079 DEBUG [main] FontFileFinder:136 - checkFontfile check C:\Windows\FONTS\vga936.fon
2022-12-07 13:48:41,079 DEBUG [main] FontFileFinder:136 - checkFontfile check C:\Windows\FONTS\vga949.fon
2022-12-07 13:48:41,080 DEBUG [main] FontFileFinder:136 - checkFontfile check C:\Windows\FONTS\vga950.fon
2022-12-07 13:48:41,080 DEBUG [main] FontFileFinder:136 - checkFontfile check C:\Windows\FONTS\vgaf1255.fon
2022-12-07 13:48:41,080 DEBUG [main] FontFileFinder:136 - checkFontfile check C:\Windows\FONTS\vgaf1256.fon
2022-12-07 13:48:41,080 DEBUG [main] FontFileFinder:136 - checkFontfile check C:\Windows\FONTS\vgaf1257.fon
2022-12-07 13:48:41,081 DEBUG [main] FontFileFinder:136 - checkFontfile check C:\Windows\FONTS\vgaf874.fon
2022-12-07 13:48:41,081 DEBUG [main] FontFileFinder:136 - checkFontfile check C:\Windows\FONTS\vgafix.fon
2022-12-07 13:48:41,081 DEBUG [main] FontFileFinder:136 - checkFontfile check C:\Windows\FONTS\vgafixe.fon
2022-12-07 13:48:41,082 DEBUG [main] FontFileFinder:136 - checkFontfile check C:\Windows\FONTS\vgafixg.fon
2022-12-07 13:48:41,082 DEBUG [main] FontFileFinder:136 - checkFontfile check C:\Windows\FONTS\vgafixr.fon
2022-12-07 13:48:41,083 DEBUG [main] FontFileFinder:136 - checkFontfile check C:\Windows\FONTS\vgafixt.fon
2022-12-07 13:48:41,084 DEBUG [main] FontFileFinder:136 - checkFontfile check C:\Windows\FONTS\vgaoem.fon
2022-12-07 13:48:41,084 DEBUG [main] FontFileFinder:136 - checkFontfile check C:\Windows\FONTS\vgas1255.fon
2022-12-07 13:48:41,084 DEBUG [main] FontFileFinder:136 - checkFontfile check C:\Windows\FONTS\vgas1256.fon
2022-12-07 13:48:41,085 DEBUG [main] FontFileFinder:136 - checkFontfile check C:\Windows\FONTS\vgas1257.fon
2022-12-07 13:48:41,085 DEBUG [main] FontFileFinder:136 - checkFontfile check C:\Windows\FONTS\vgas874.fon
2022-12-07 13:48:41,085 DEBUG [main] FontFileFinder:136 - checkFontfile check C:\Windows\FONTS\vgasys.fon
2022-12-07 13:48:41,086 DEBUG [main] FontFileFinder:136 - checkFontfile check C:\Windows\FONTS\vgasyse.fon
2022-12-07 13:48:41,087 DEBUG [main] FontFileFinder:136 - checkFontfile check C:\Windows\FONTS\vgasysg.fon
2022-12-07 13:48:41,087 DEBUG [main] FontFileFinder:136 - checkFontfile check C:\Windows\FONTS\vgasysr.fon
2022-12-07 13:48:41,087 DEBUG [main] FontFileFinder:136 - checkFontfile check C:\Windows\FONTS\vgasyst.fon
2022-12-07 13:48:41,088 DEBUG [main] FontFileFinder:136 - checkFontfile check C:\Windows\FONTS\webdings.ttf
2022-12-07 13:48:41,088 DEBUG [main] FontFileFinder:142 - checkFontfile found C:\Windows\FONTS\webdings.ttf
2022-12-07 13:48:41,088 DEBUG [main] FontFileFinder:136 - checkFontfile check C:\Windows\FONTS\wingding.ttf
2022-12-07 13:48:41,089 DEBUG [main] FontFileFinder:142 - checkFontfile found C:\Windows\FONTS\wingding.ttf
2022-12-07 13:48:41,090 DEBUG [main] FontFileFinder:136 - checkFontfile check C:\Windows\FONTS\YuGothB.ttc
2022-12-07 13:48:41,090 DEBUG [main] FontFileFinder:142 - checkFontfile found C:\Windows\FONTS\YuGothB.ttc
2022-12-07 13:48:41,091 DEBUG [main] FontFileFinder:136 - checkFontfile check C:\Windows\FONTS\YuGothL.ttc
2022-12-07 13:48:41,091 DEBUG [main] FontFileFinder:142 - checkFontfile found C:\Windows\FONTS\YuGothL.ttc
2022-12-07 13:48:41,092 DEBUG [main] FontFileFinder:136 - checkFontfile check C:\Windows\FONTS\YuGothM.ttc
2022-12-07 13:48:41,092 DEBUG [main] FontFileFinder:142 - checkFontfile found C:\Windows\FONTS\YuGothM.ttc
2022-12-07 13:48:41,092 DEBUG [main] FontFileFinder:136 - checkFontfile check C:\Windows\FONTS\YuGothR.ttc
2022-12-07 13:48:41,093 DEBUG [main] FontFileFinder:142 - checkFontfile found C:\Windows\FONTS\YuGothR.ttc
2022-12-07 13:48:41,126 DEBUG [main] FontMapperImpl:484 - getFont('TTF','TimesNewRomanPSMT') returns TimesNewRomanPSMT (TTF, mac: 0x0, os/2: 0x105, cid: null) C:\Windows\FONTS\times.ttf
2022-12-07 13:48:41,137 DEBUG [main] FileSystemFontProvider:198 - Loaded TimesNewRomanPSMT from C:\Windows\FONTS\times.ttf
2022-12-07 13:48:41,149 DEBUG [main] FontMapperImpl:484 - getFont('TTF','TimesNewRomanPS-BoldMT') returns TimesNewRomanPS-BoldMT (TTF, mac: 0x1, os/2: 0x105, cid: null) C:\Windows\FONTS\timesbd.ttf
2022-12-07 13:48:41,153 DEBUG [main] FileSystemFontProvider:198 - Loaded TimesNewRomanPS-BoldMT from C:\Windows\FONTS\timesbd.ttf
2022-12-07 13:48:41,164 DEBUG [main] FontMapperImpl:484 - getFont('TTF','TimesNewRomanPS-ItalicMT') returns TimesNewRomanPS-ItalicMT (TTF, mac: 0x2, os/2: 0x105, cid: null) C:\Windows\FONTS\timesi.ttf
2022-12-07 13:48:41,171 DEBUG [main] FileSystemFontProvider:198 - Loaded TimesNewRomanPS-ItalicMT from C:\Windows\FONTS\timesi.ttf
2022-12-07 13:48:41,178 DEBUG [main] FontMapperImpl:484 - getFont('TTF','TimesNewRomanPS-BoldItalicMT') returns TimesNewRomanPS-BoldItalicMT (TTF, mac: 0x3, os/2: 0x105, cid: null) C:\Windows\FONTS\timesbi.ttf
2022-12-07 13:48:41,182 DEBUG [main] FileSystemFontProvider:198 - Loaded TimesNewRomanPS-BoldItalicMT from C:\Windows\FONTS\timesbi.ttf
2022-12-07 13:48:41,191 DEBUG [main] FontMapperImpl:484 - getFont('TTF','ArialMT') returns ArialMT (TTF, mac: 0x0, os/2: 0x805, cid: null) C:\Windows\FONTS\arial.ttf
2022-12-07 13:48:41,197 DEBUG [main] FileSystemFontProvider:198 - Loaded ArialMT from C:\Windows\FONTS\arial.ttf
2022-12-07 13:48:41,202 DEBUG [main] FontMapperImpl:484 - getFont('TTF','Arial-BoldMT') returns Arial-BoldMT (TTF, mac: 0x1, os/2: 0x805, cid: null) C:\Windows\FONTS\arialbd.ttf
2022-12-07 13:48:41,209 DEBUG [main] FileSystemFontProvider:198 - Loaded Arial-BoldMT from C:\Windows\FONTS\arialbd.ttf
2022-12-07 13:48:41,214 DEBUG [main] FontMapperImpl:484 - getFont('TTF','Arial-ItalicMT') returns Arial-ItalicMT (TTF, mac: 0x2, os/2: 0x805, cid: null) C:\Windows\FONTS\ariali.ttf
2022-12-07 13:48:41,218 DEBUG [main] FileSystemFontProvider:198 - Loaded Arial-ItalicMT from C:\Windows\FONTS\ariali.ttf
2022-12-07 13:48:41,226 DEBUG [main] FontMapperImpl:484 - getFont('TTF','Arial-BoldItalicMT') returns Arial-BoldItalicMT (TTF, mac: 0x3, os/2: 0x805, cid: null) C:\Windows\FONTS\arialbi.ttf
2022-12-07 13:48:41,231 DEBUG [main] FileSystemFontProvider:198 - Loaded Arial-BoldItalicMT from C:\Windows\FONTS\arialbi.ttf
2022-12-07 13:48:41,237 DEBUG [main] FontMapperImpl:484 - getFont('TTF','CourierNewPSMT') returns CourierNewPSMT (TTF, mac: 0x0, os/2: 0x505, cid: null) C:\Windows\FONTS\cour.ttf
2022-12-07 13:48:41,243 DEBUG [main] FileSystemFontProvider:198 - Loaded CourierNewPSMT from C:\Windows\FONTS\cour.ttf
2022-12-07 13:48:41,247 DEBUG [main] FontMapperImpl:484 - getFont('TTF','CourierNewPS-BoldMT') returns CourierNewPS-BoldMT (TTF, mac: 0x1, os/2: 0x505, cid: null) C:\Windows\FONTS\courbd.ttf
2022-12-07 13:48:41,253 DEBUG [main] FileSystemFontProvider:198 - Loaded CourierNewPS-BoldMT from C:\Windows\FONTS\courbd.ttf
2022-12-07 13:48:41,261 DEBUG [main] FontMapperImpl:484 - getFont('TTF','CourierNewPS-ItalicMT') returns CourierNewPS-ItalicMT (TTF, mac: 0x2, os/2: 0x505, cid: null) C:\Windows\FONTS\couri.ttf
2022-12-07 13:48:41,266 DEBUG [main] FileSystemFontProvider:198 - Loaded CourierNewPS-ItalicMT from C:\Windows\FONTS\couri.ttf
2022-12-07 13:48:41,272 DEBUG [main] FontMapperImpl:484 - getFont('TTF','CourierNewPS-BoldItalicMT') returns CourierNewPS-BoldItalicMT (TTF, mac: 0x3, os/2: 0x505, cid: null) C:\Windows\FONTS\courbi.ttf
2022-12-07 13:48:41,278 DEBUG [main] FileSystemFontProvider:198 - Loaded CourierNewPS-BoldItalicMT from C:\Windows\FONTS\courbi.ttf
2022-12-07 13:48:41,282 DEBUG [main] FontMapperImpl:484 - getFont('TTF','SymbolMT') returns SymbolMT (TTF, mac: 0x0, os/2: 0xc03, cid: null) C:\Windows\FONTS\symbol.ttf
2022-12-07 13:48:41,286 DEBUG [main] FileSystemFontProvider:198 - Loaded SymbolMT from C:\Windows\FONTS\symbol.ttf
2022-12-07 13:48:41,291 DEBUG [main] FontMapperImpl:484 - getFont('TTF','MS-Gothic') returns MS-Gothic (TTF, mac: 0x0, os/2: 0x801, cid: null) C:\Windows\FONTS\msgothic.ttc
2022-12-07 13:48:41,304 DEBUG [main] FileSystemFontProvider:198 - Loaded MS-Gothic from C:\Windows\FONTS\msgothic.ttc
